{"/home/travis/build/npmtest/node-npmtest-vconsole/test.js":{"path":"/home/travis/build/npmtest/node-npmtest-vconsole/test.js","s":{"1":2,"2":2,"3":2,"4":2,"5":2,"6":2,"7":2,"8":1,"9":2,"10":2,"11":1,"12":1,"13":1,"14":1,"15":2,"16":2,"17":2,"18":2,"19":1,"20":1,"21":2,"22":2,"23":2,"24":1,"25":1,"26":1,"27":1,"28":1,"29":1,"30":1,"31":1,"32":1,"33":1,"34":1,"35":1,"36":1,"37":1,"38":1,"39":2,"40":2,"41":1,"42":2,"43":2,"44":1,"45":2,"46":2,"47":1,"48":2,"49":2,"50":1,"51":1,"52":1,"53":1,"54":1},"b":{"1":[2,1,1,1],"2":[1,1,1,1],"3":[1,1],"4":[1,1],"5":[1,1],"6":[1,1],"7":[1,1],"8":[1,1],"9":[1,1],"10":[1,1,1],"11":[1,1],"12":[1,1],"13":[1,1],"14":[1,1],"15":[1,1],"16":[1,1],"17":[1,1]},"f":{"1":2,"2":2,"3":2,"4":2,"5":2,"6":1,"7":1,"8":1,"9":2,"10":2,"11":2,"12":2,"13":1},"fnMap":{"1":{"name":"(anonymous_1)","line":12,"loc":{"start":{"line":12,"column":1},"end":{"line":12,"column":13}}},"2":{"name":"(anonymous_2)","line":19,"loc":{"start":{"line":19,"column":5},"end":{"line":19,"column":17}}},"3":{"name":"(anonymous_3)","line":23,"loc":{"start":{"line":23,"column":24},"end":{"line":23,"column":36}}},"4":{"name":"(anonymous_4)","line":61,"loc":{"start":{"line":61,"column":5},"end":{"line":61,"column":17}}},"5":{"name":"(anonymous_5)","line":82,"loc":{"start":{"line":82,"column":5},"end":{"line":82,"column":17}}},"6":{"name":"(anonymous_6)","line":91,"loc":{"start":{"line":91,"column":77},"end":{"line":94,"column":10}}},"7":{"name":"(anonymous_7)","line":112,"loc":{"start":{"line":112,"column":83},"end":{"line":115,"column":10}},"skip":true},"8":{"name":"(anonymous_8)","line":123,"loc":{"start":{"line":123,"column":77},"end":{"line":126,"column":10}},"skip":true},"9":{"name":"(anonymous_9)","line":139,"loc":{"start":{"line":139,"column":12},"end":{"line":139,"column":40}},"skip":true},"10":{"name":"(anonymous_10)","line":147,"loc":{"start":{"line":147,"column":77},"end":{"line":150,"column":10}},"skip":true},"11":{"name":"(anonymous_11)","line":158,"loc":{"start":{"line":158,"column":83},"end":{"line":161,"column":10}},"skip":true},"12":{"name":"(anonymous_12)","line":169,"loc":{"start":{"line":169,"column":79},"end":{"line":172,"column":10}},"skip":true},"13":{"name":"(anonymous_13)","line":180,"loc":{"start":{"line":180,"column":75},"end":{"line":183,"column":10}},"skip":true}},"statementMap":{"1":{"start":{"line":12,"column":0},"end":{"line":195,"column":5}},"2":{"start":{"line":14,"column":4},"end":{"line":14,"column":14}},"3":{"start":{"line":19,"column":4},"end":{"line":56,"column":9}},"4":{"start":{"line":21,"column":8},"end":{"line":21,"column":19}},"5":{"start":{"line":23,"column":8},"end":{"line":35,"column":13}},"6":{"start":{"line":24,"column":12},"end":{"line":34,"column":13}},"7":{"start":{"line":25,"column":16},"end":{"line":28,"column":30}},"8":{"start":{"line":30,"column":16},"end":{"line":33,"column":27}},"9":{"start":{"line":37,"column":8},"end":{"line":39,"column":21}},"10":{"start":{"line":40,"column":8},"end":{"line":53,"column":9}},"11":{"start":{"line":43,"column":12},"end":{"line":46,"column":14}},"12":{"start":{"line":47,"column":12},"end":{"line":47,"column":18}},"13":{"start":{"line":50,"column":12},"end":{"line":51,"column":46}},"14":{"start":{"line":52,"column":12},"end":{"line":52,"column":18}},"15":{"start":{"line":55,"column":8},"end":{"line":55,"column":35}},"16":{"start":{"line":61,"column":4},"end":{"line":63,"column":9}},"17":{"start":{"line":62,"column":8},"end":{"line":62,"column":15}},"18":{"start":{"line":64,"column":4},"end":{"line":77,"column":5}},"19":{"start":{"line":70,"column":8},"end":{"line":70,"column":14}},"20":{"start":{"line":76,"column":8},"end":{"line":76,"column":14}},"21":{"start":{"line":82,"column":4},"end":{"line":84,"column":9}},"22":{"start":{"line":83,"column":8},"end":{"line":83,"column":15}},"23":{"start":{"line":85,"column":4},"end":{"line":194,"column":5}},"24":{"start":{"line":91,"column":8},"end":{"line":99,"column":10}},"25":{"start":{"line":98,"column":12},"end":{"line":98,"column":35}},"26":{"start":{"line":102,"column":8},"end":{"line":104,"column":63}},"27":{"start":{"line":105,"column":8},"end":{"line":105,"column":14}},"28":{"start":{"line":112,"column":8},"end":{"line":121,"column":10},"skip":true},"29":{"start":{"line":119,"column":12},"end":{"line":119,"column":55},"skip":true},"30":{"start":{"line":120,"column":12},"end":{"line":120,"column":48},"skip":true},"31":{"start":{"line":123,"column":8},"end":{"line":136,"column":10},"skip":true},"32":{"start":{"line":130,"column":12},"end":{"line":130,"column":76},"skip":true},"33":{"start":{"line":131,"column":12},"end":{"line":131,"column":73},"skip":true},"34":{"start":{"line":132,"column":12},"end":{"line":132,"column":74},"skip":true},"35":{"start":{"line":133,"column":12},"end":{"line":133,"column":79},"skip":true},"36":{"start":{"line":134,"column":12},"end":{"line":134,"column":25},"skip":true},"37":{"start":{"line":135,"column":12},"end":{"line":135,"column":45},"skip":true},"38":{"start":{"line":138,"column":8},"end":{"line":145,"column":14},"skip":true},"39":{"start":{"line":143,"column":16},"end":{"line":143,"column":29},"skip":true},"40":{"start":{"line":144,"column":16},"end":{"line":144,"column":55},"skip":true},"41":{"start":{"line":147,"column":8},"end":{"line":156,"column":10},"skip":true},"42":{"start":{"line":154,"column":12},"end":{"line":154,"column":25},"skip":true},"43":{"start":{"line":155,"column":12},"end":{"line":155,"column":45},"skip":true},"44":{"start":{"line":158,"column":8},"end":{"line":167,"column":10},"skip":true},"45":{"start":{"line":165,"column":12},"end":{"line":165,"column":25},"skip":true},"46":{"start":{"line":166,"column":12},"end":{"line":166,"column":48},"skip":true},"47":{"start":{"line":169,"column":8},"end":{"line":178,"column":10},"skip":true},"48":{"start":{"line":176,"column":12},"end":{"line":176,"column":25},"skip":true},"49":{"start":{"line":177,"column":12},"end":{"line":177,"column":46},"skip":true},"50":{"start":{"line":180,"column":8},"end":{"line":189,"column":10},"skip":true},"51":{"start":{"line":187,"column":12},"end":{"line":187,"column":94},"skip":true},"52":{"start":{"line":188,"column":12},"end":{"line":188,"column":48},"skip":true},"53":{"start":{"line":192,"column":8},"end":{"line":192,"column":35},"skip":true},"54":{"start":{"line":193,"column":8},"end":{"line":193,"column":14},"skip":true}},"branchMap":{"1":{"line":25,"type":"binary-expr","locations":[{"start":{"line":25,"column":23},"end":{"line":25,"column":62}},{"start":{"line":26,"column":20},"end":{"line":26,"column":70}},{"start":{"line":27,"column":20},"end":{"line":27,"column":71}},{"start":{"line":28,"column":20},"end":{"line":28,"column":29}}]},"2":{"line":30,"type":"binary-expr","locations":[{"start":{"line":30,"column":23},"end":{"line":30,"column":37}},{"start":{"line":31,"column":20},"end":{"line":31,"column":61}},{"start":{"line":32,"column":20},"end":{"line":32,"column":70}},{"start":{"line":33,"column":20},"end":{"line":33,"column":26}}]},"3":{"line":37,"type":"cond-expr","locations":[{"start":{"line":38,"column":14},"end":{"line":38,"column":20}},{"start":{"line":39,"column":14},"end":{"line":39,"column":20}}]},"4":{"line":40,"type":"switch","locations":[{"start":{"line":42,"column":8},"end":{"line":47,"column":18}},{"start":{"line":49,"column":8},"end":{"line":52,"column":18}}]},"5":{"line":44,"type":"binary-expr","locations":[{"start":{"line":44,"column":16},"end":{"line":44,"column":44}},{"start":{"line":44,"column":48},"end":{"line":44,"column":66}}]},"6":{"line":50,"type":"binary-expr","locations":[{"start":{"line":50,"column":21},"end":{"line":50,"column":49}},{"start":{"line":50,"column":53},"end":{"line":50,"column":72}}]},"7":{"line":64,"type":"switch","locations":[{"start":{"line":69,"column":4},"end":{"line":70,"column":14}},{"start":{"line":75,"column":4},"end":{"line":76,"column":14}}]},"8":{"line":85,"type":"switch","locations":[{"start":{"line":90,"column":4},"end":{"line":105,"column":14}},{"start":{"line":111,"column":4},"end":{"line":193,"column":14},"skip":true}]},"9":{"line":91,"type":"binary-expr","locations":[{"start":{"line":91,"column":42},"end":{"line":91,"column":73}},{"start":{"line":91,"column":77},"end":{"line":99,"column":9}}]},"10":{"line":102,"type":"binary-expr","locations":[{"start":{"line":102,"column":18},"end":{"line":102,"column":32}},{"start":{"line":103,"column":12},"end":{"line":103,"column":53}},{"start":{"line":104,"column":12},"end":{"line":104,"column":61}}]},"11":{"line":112,"type":"binary-expr","locations":[{"start":{"line":112,"column":45},"end":{"line":112,"column":79},"skip":true},{"start":{"line":112,"column":83},"end":{"line":121,"column":9},"skip":true}]},"12":{"line":123,"type":"binary-expr","locations":[{"start":{"line":123,"column":42},"end":{"line":123,"column":73},"skip":true},{"start":{"line":123,"column":77},"end":{"line":136,"column":9},"skip":true}]},"13":{"line":138,"type":"binary-expr","locations":[{"start":{"line":138,"column":48},"end":{"line":138,"column":85},"skip":true},{"start":{"line":139,"column":12},"end":{"line":145,"column":13},"skip":true}]},"14":{"line":147,"type":"binary-expr","locations":[{"start":{"line":147,"column":42},"end":{"line":147,"column":73},"skip":true},{"start":{"line":147,"column":77},"end":{"line":156,"column":9},"skip":true}]},"15":{"line":158,"type":"binary-expr","locations":[{"start":{"line":158,"column":45},"end":{"line":158,"column":79},"skip":true},{"start":{"line":158,"column":83},"end":{"line":167,"column":9},"skip":true}]},"16":{"line":169,"type":"binary-expr","locations":[{"start":{"line":169,"column":43},"end":{"line":169,"column":75},"skip":true},{"start":{"line":169,"column":79},"end":{"line":178,"column":9},"skip":true}]},"17":{"line":180,"type":"binary-expr","locations":[{"start":{"line":180,"column":41},"end":{"line":180,"column":71},"skip":true},{"start":{"line":180,"column":75},"end":{"line":189,"column":9},"skip":true}]}},"code":["/* istanbul instrument in package npmtest_vconsole */","/*jslint","    bitwise: true,","    browser: true,","    maxerr: 8,","    maxlen: 96,","    node: true,","    nomen: true,","    regexp: true,","    stupid: true","*/","(function () {","    'use strict';","    var local;","","","","    // run shared js-env code - pre-init","    (function () {","        // init local","        local = {};","        // init modeJs","        local.modeJs = (function () {","            try {","                return typeof navigator.userAgent === 'string' &&","                    typeof document.querySelector('body') === 'object' &&","                    typeof XMLHttpRequest.prototype.open === 'function' &&","                    'browser';","            } catch (errorCaughtBrowser) {","                return module.exports &&","                    typeof process.versions.node === 'string' &&","                    typeof require('http').createServer === 'function' &&","                    'node';","            }","        }());","        // init global","        local.global = local.modeJs === 'browser'","            ? window","            : global;","        switch (local.modeJs) {","        // re-init local from window.local","        case 'browser':","            local = local.global.utility2.objectSetDefault(","                local.global.utility2_rollup || local.global.local,","                local.global.utility2","            );","            break;","        // re-init local from example.js","        case 'node':","            local = (local.global.utility2_rollup || require('utility2'))","                .requireExampleJsFromReadme();","            break;","        }","        // export local","        local.global.local = local;","    }());","","","","    // run shared js-env code - function","    (function () {","        return;","    }());","    switch (local.modeJs) {","","","","    // run browser js-env code - function","    case 'browser':","        break;","","","","    // run node js-env code - function","    case 'node':","        break;","    }","","","","    // run shared js-env code - post-init","    (function () {","        return;","    }());","    switch (local.modeJs) {","","","","    // run browser js-env code - post-init","    case 'browser':","        local.testCase_browser_nullCase = local.testCase_browser_nullCase || function (","            options,","            onError","        ) {","        /*","         * this function will test browsers's null-case handling-behavior-behavior","         */","            onError(null, options);","        };","","        // run tests","        local.nop(local.modeTest &&","            document.querySelector('#testRunButton1') &&","            document.querySelector('#testRunButton1').click());","        break;","","","","    // run node js-env code - post-init","    /* istanbul ignore next */","    case 'node':","        local.testCase_buildApidoc_default = local.testCase_buildApidoc_default || function (","            options,","            onError","        ) {","        /*","         * this function will test buildApidoc's default handling-behavior-behavior","         */","            options = { modulePathList: module.paths };","            local.buildApidoc(options, onError);","        };","","        local.testCase_buildApp_default = local.testCase_buildApp_default || function (","            options,","            onError","        ) {","        /*","         * this function will test buildApp's default handling-behavior-behavior","         */","            local.testCase_buildReadme_default(options, local.onErrorThrow);","            local.testCase_buildLib_default(options, local.onErrorThrow);","            local.testCase_buildTest_default(options, local.onErrorThrow);","            local.testCase_buildCustomOrg_default(options, local.onErrorThrow);","            options = [];","            local.buildApp(options, onError);","        };","","        local.testCase_buildCustomOrg_default = local.testCase_buildCustomOrg_default ||","            function (options, onError) {","            /*","             * this function will test buildCustomOrg's default handling-behavior","             */","                options = {};","                local.buildCustomOrg(options, onError);","            };","","        local.testCase_buildLib_default = local.testCase_buildLib_default || function (","            options,","            onError","        ) {","        /*","         * this function will test buildLib's default handling-behavior","         */","            options = {};","            local.buildLib(options, onError);","        };","","        local.testCase_buildReadme_default = local.testCase_buildReadme_default || function (","            options,","            onError","        ) {","        /*","         * this function will test buildReadme's default handling-behavior-behavior","         */","            options = {};","            local.buildReadme(options, onError);","        };","","        local.testCase_buildTest_default = local.testCase_buildTest_default || function (","            options,","            onError","        ) {","        /*","         * this function will test buildTest's default handling-behavior","         */","            options = {};","            local.buildTest(options, onError);","        };","","        local.testCase_webpage_default = local.testCase_webpage_default || function (","            options,","            onError","        ) {","        /*","         * this function will test webpage's default handling-behavior","         */","            options = { modeCoverageMerge: true, url: local.serverLocalHost + '?modeTest=1' };","            local.browserTest(options, onError);","        };","","        // run test-server","        local.testRunServer(local);","        break;","    }","}());",""],"l":{"12":2,"14":2,"19":2,"21":2,"23":2,"24":2,"25":2,"30":1,"37":2,"40":2,"43":1,"47":1,"50":1,"52":1,"55":2,"61":2,"62":2,"64":2,"70":1,"76":1,"82":2,"83":2,"85":2,"91":1,"98":1,"102":1,"105":1,"112":1,"119":1,"120":1,"123":1,"130":1,"131":1,"132":1,"133":1,"134":1,"135":1,"138":1,"143":2,"144":2,"147":1,"154":2,"155":2,"158":1,"165":2,"166":2,"169":1,"176":2,"177":2,"180":1,"187":1,"188":1,"192":1,"193":1}},"/home/travis/build/npmtest/node-npmtest-vconsole/lib.npmtest_vconsole.js":{"path":"/home/travis/build/npmtest/node-npmtest-vconsole/lib.npmtest_vconsole.js","s":{"1":2,"2":2,"3":2,"4":2,"5":2,"6":2,"7":2,"8":1,"9":2,"10":2,"11":2,"12":2,"13":1,"14":1,"15":1,"16":1},"b":{"1":[2,1,1,1],"2":[1,1,1,1],"3":[1,1],"4":[2,2],"5":[1,1]},"f":{"1":2,"2":2,"3":2},"fnMap":{"1":{"name":"(anonymous_1)","line":12,"loc":{"start":{"line":12,"column":1},"end":{"line":12,"column":13}}},"2":{"name":"(anonymous_2)","line":19,"loc":{"start":{"line":19,"column":5},"end":{"line":19,"column":17}}},"3":{"name":"(anonymous_3)","line":23,"loc":{"start":{"line":23,"column":24},"end":{"line":23,"column":36}}}},"statementMap":{"1":{"start":{"line":12,"column":0},"end":{"line":53,"column":5}},"2":{"start":{"line":14,"column":4},"end":{"line":14,"column":14}},"3":{"start":{"line":19,"column":4},"end":{"line":52,"column":9}},"4":{"start":{"line":21,"column":8},"end":{"line":21,"column":19}},"5":{"start":{"line":23,"column":8},"end":{"line":35,"column":13}},"6":{"start":{"line":24,"column":12},"end":{"line":34,"column":13}},"7":{"start":{"line":25,"column":16},"end":{"line":28,"column":30}},"8":{"start":{"line":30,"column":16},"end":{"line":33,"column":27}},"9":{"start":{"line":37,"column":8},"end":{"line":39,"column":21}},"10":{"start":{"line":41,"column":8},"end":{"line":41,"column":54}},"11":{"start":{"line":43,"column":8},"end":{"line":43,"column":53}},"12":{"start":{"line":45,"column":8},"end":{"line":51,"column":9}},"13":{"start":{"line":46,"column":12},"end":{"line":46,"column":59}},"14":{"start":{"line":48,"column":12},"end":{"line":48,"column":35}},"15":{"start":{"line":49,"column":12},"end":{"line":49,"column":49}},"16":{"start":{"line":50,"column":12},"end":{"line":50,"column":43}}},"branchMap":{"1":{"line":25,"type":"binary-expr","locations":[{"start":{"line":25,"column":23},"end":{"line":25,"column":62}},{"start":{"line":26,"column":20},"end":{"line":26,"column":70}},{"start":{"line":27,"column":20},"end":{"line":27,"column":71}},{"start":{"line":28,"column":20},"end":{"line":28,"column":29}}]},"2":{"line":30,"type":"binary-expr","locations":[{"start":{"line":30,"column":23},"end":{"line":30,"column":37}},{"start":{"line":31,"column":20},"end":{"line":31,"column":61}},{"start":{"line":32,"column":20},"end":{"line":32,"column":70}},{"start":{"line":33,"column":20},"end":{"line":33,"column":26}}]},"3":{"line":37,"type":"cond-expr","locations":[{"start":{"line":38,"column":14},"end":{"line":38,"column":20}},{"start":{"line":39,"column":14},"end":{"line":39,"column":20}}]},"4":{"line":41,"type":"binary-expr","locations":[{"start":{"line":41,"column":16},"end":{"line":41,"column":44}},{"start":{"line":41,"column":48},"end":{"line":41,"column":53}}]},"5":{"line":45,"type":"if","locations":[{"start":{"line":45,"column":8},"end":{"line":45,"column":8}},{"start":{"line":45,"column":8},"end":{"line":45,"column":8}}]}},"code":["/* istanbul instrument in package npmtest_vconsole */","/*jslint","    bitwise: true,","    browser: true,","    maxerr: 8,","    maxlen: 96,","    node: true,","    nomen: true,","    regexp: true,","    stupid: true","*/","(function () {","    'use strict';","    var local;","","","","    // run shared js-env code - pre-init","    (function () {","        // init local","        local = {};","        // init modeJs","        local.modeJs = (function () {","            try {","                return typeof navigator.userAgent === 'string' &&","                    typeof document.querySelector('body') === 'object' &&","                    typeof XMLHttpRequest.prototype.open === 'function' &&","                    'browser';","            } catch (errorCaughtBrowser) {","                return module.exports &&","                    typeof process.versions.node === 'string' &&","                    typeof require('http').createServer === 'function' &&","                    'node';","            }","        }());","        // init global","        local.global = local.modeJs === 'browser'","            ? window","            : global;","        // init utility2_rollup","        local = local.global.utility2_rollup || local;","        // init lib","        local.local = local.npmtest_vconsole = local;","        // init exports","        if (local.modeJs === 'browser') {","            local.global.utility2_npmtest_vconsole = local;","        } else {","            module.exports = local;","            module.exports.__dirname = __dirname;","            module.exports.module = module;","        }","    }());","}());",""],"l":{"12":2,"14":2,"19":2,"21":2,"23":2,"24":2,"25":2,"30":1,"37":2,"41":2,"43":2,"45":2,"46":1,"48":1,"49":1,"50":1}},"/home/travis/build/npmtest/node-npmtest-vconsole/example.js":{"path":"/home/travis/build/npmtest/node-npmtest-vconsole/example.js","s":{"1":2,"2":2,"3":2,"4":2,"5":2,"6":2,"7":2,"8":1,"9":2,"10":2,"11":2,"12":2,"13":1,"14":2,"15":2,"16":2,"17":2,"18":2,"19":0,"20":2,"21":1,"22":1,"23":1,"24":1,"25":1,"26":0,"27":0,"28":1,"29":1,"30":2,"31":0,"32":0,"33":0,"34":1,"35":2,"36":2,"37":3,"38":3,"39":3,"40":3,"41":0,"42":3,"43":3,"44":3,"45":1,"46":3,"47":1,"48":1,"49":1,"50":1,"51":1,"52":1,"53":1,"54":1,"55":1,"56":1,"57":0,"58":1,"59":6,"60":6,"61":1,"62":2,"63":0,"64":2,"65":1,"66":1,"67":0,"68":0,"69":0,"70":0,"71":0,"72":0,"73":0,"74":0,"75":0,"76":0,"77":0,"78":0,"79":0,"80":0,"81":0,"82":0,"83":0},"b":{"1":[2,1,1,1],"2":[1,1,1,1],"3":[1,1],"4":[2,2],"5":[1,1],"6":[1,1],"7":[2,0],"8":[2,1,1,1,1,1],"9":[0,2,0],"10":[1,1],"11":[2,1,1],"12":[1,0],"13":[0,2],"14":[2,0,0,0,0,0,0],"15":[0,3],"16":[3,0],"17":[1,1],"18":[0,1],"19":[1,2,0,2],"20":[1,0],"21":[1,1],"22":[0,0],"23":[0,0],"24":[0,0],"25":[0,0],"26":[0,0],"27":[0,0],"28":[0,0]},"f":{"1":2,"2":2,"3":2,"4":2,"5":2,"6":2,"7":3,"8":3,"9":3,"10":1,"11":6,"12":0},"fnMap":{"1":{"name":"(anonymous_1)","line":26,"loc":{"start":{"line":26,"column":1},"end":{"line":26,"column":13}}},"2":{"name":"(anonymous_2)","line":33,"loc":{"start":{"line":33,"column":5},"end":{"line":33,"column":17}}},"3":{"name":"(anonymous_3)","line":37,"loc":{"start":{"line":37,"column":24},"end":{"line":37,"column":36}}},"4":{"name":"(anonymous_4)","line":69,"loc":{"start":{"line":69,"column":31},"end":{"line":69,"column":48}},"skip":true},"5":{"name":"(anonymous_5)","line":78,"loc":{"start":{"line":78,"column":26},"end":{"line":78,"column":45}},"skip":true},"6":{"name":"(anonymous_6)","line":123,"loc":{"start":{"line":123,"column":33},"end":{"line":123,"column":48}},"skip":true},"7":{"name":"(anonymous_7)","line":125,"loc":{"start":{"line":125,"column":27},"end":{"line":125,"column":39}},"skip":true},"8":{"name":"(anonymous_8)","line":133,"loc":{"start":{"line":133,"column":59},"end":{"line":133,"column":74}},"skip":true},"9":{"name":"(anonymous_9)","line":143,"loc":{"start":{"line":143,"column":45},"end":{"line":143,"column":62}},"skip":true},"10":{"name":"(anonymous_10)","line":144,"loc":{"start":{"line":144,"column":73},"end":{"line":144,"column":92}},"skip":true},"11":{"name":"(anonymous_11)","line":272,"loc":{"start":{"line":272,"column":51},"end":{"line":272,"column":77}},"skip":true},"12":{"name":"(anonymous_12)","line":315,"loc":{"start":{"line":315,"column":32},"end":{"line":315,"column":61}},"skip":true}},"statementMap":{"1":{"start":{"line":26,"column":0},"end":{"line":326,"column":5}},"2":{"start":{"line":28,"column":4},"end":{"line":28,"column":14}},"3":{"start":{"line":33,"column":4},"end":{"line":60,"column":9}},"4":{"start":{"line":35,"column":8},"end":{"line":35,"column":19}},"5":{"start":{"line":37,"column":8},"end":{"line":49,"column":13}},"6":{"start":{"line":38,"column":12},"end":{"line":48,"column":13}},"7":{"start":{"line":39,"column":16},"end":{"line":42,"column":30}},"8":{"start":{"line":44,"column":16},"end":{"line":47,"column":27}},"9":{"start":{"line":51,"column":8},"end":{"line":53,"column":21}},"10":{"start":{"line":55,"column":8},"end":{"line":57,"column":45}},"11":{"start":{"line":59,"column":8},"end":{"line":59,"column":35}},"12":{"start":{"line":61,"column":4},"end":{"line":325,"column":5}},"13":{"start":{"line":69,"column":8},"end":{"line":121,"column":10},"skip":true},"14":{"start":{"line":70,"column":12},"end":{"line":88,"column":13},"skip":true},"15":{"start":{"line":76,"column":16},"end":{"line":87,"column":19},"skip":true},"16":{"start":{"line":79,"column":20},"end":{"line":86,"column":21},"skip":true},"17":{"start":{"line":82,"column":24},"end":{"line":82,"column":43},"skip":true},"18":{"start":{"line":83,"column":24},"end":{"line":83,"column":30},"skip":true},"19":{"start":{"line":85,"column":24},"end":{"line":85,"column":49},"skip":true},"20":{"start":{"line":89,"column":12},"end":{"line":107,"column":13},"skip":true},"21":{"start":{"line":92,"column":16},"end":{"line":102,"column":17},"skip":true},"22":{"start":{"line":93,"column":20},"end":{"line":93,"column":86},"skip":true},"23":{"start":{"line":94,"column":20},"end":{"line":95,"column":45},"skip":true},"24":{"start":{"line":96,"column":20},"end":{"line":96,"column":42},"skip":true},"25":{"start":{"line":97,"column":20},"end":{"line":97,"column":48},"skip":true},"26":{"start":{"line":100,"column":20},"end":{"line":100,"column":85},"skip":true},"27":{"start":{"line":101,"column":20},"end":{"line":101,"column":96},"skip":true},"28":{"start":{"line":103,"column":16},"end":{"line":103,"column":22},"skip":true},"29":{"start":{"line":106,"column":16},"end":{"line":106,"column":22},"skip":true},"30":{"start":{"line":108,"column":12},"end":{"line":120,"column":13},"skip":true},"31":{"start":{"line":114,"column":16},"end":{"line":119,"column":17},"skip":true},"32":{"start":{"line":116,"column":20},"end":{"line":116,"column":78},"skip":true},"33":{"start":{"line":118,"column":20},"end":{"line":118,"column":47},"skip":true},"34":{"start":{"line":123,"column":8},"end":{"line":141,"column":11},"skip":true},"35":{"start":{"line":124,"column":12},"end":{"line":124,"column":54},"skip":true},"36":{"start":{"line":125,"column":12},"end":{"line":140,"column":14},"skip":true},"37":{"start":{"line":126,"column":16},"end":{"line":126,"column":28},"skip":true},"38":{"start":{"line":127,"column":16},"end":{"line":127,"column":69},"skip":true},"39":{"start":{"line":128,"column":16},"end":{"line":128,"column":75},"skip":true},"40":{"start":{"line":129,"column":16},"end":{"line":131,"column":17},"skip":true},"41":{"start":{"line":130,"column":20},"end":{"line":130,"column":27},"skip":true},"42":{"start":{"line":133,"column":16},"end":{"line":137,"column":36},"skip":true},"43":{"start":{"line":134,"column":20},"end":{"line":136,"column":55},"skip":true},"44":{"start":{"line":139,"column":16},"end":{"line":139,"column":57},"skip":true},"45":{"start":{"line":143,"column":8},"end":{"line":147,"column":11},"skip":true},"46":{"start":{"line":144,"column":12},"end":{"line":146,"column":15},"skip":true},"47":{"start":{"line":145,"column":16},"end":{"line":145,"column":70},"skip":true},"48":{"start":{"line":149,"column":8},"end":{"line":149,"column":31},"skip":true},"49":{"start":{"line":150,"column":8},"end":{"line":150,"column":14},"skip":true},"50":{"start":{"line":158,"column":8},"end":{"line":158,"column":31},"skip":true},"51":{"start":{"line":160,"column":8},"end":{"line":160,"column":33},"skip":true},"52":{"start":{"line":161,"column":8},"end":{"line":161,"column":37},"skip":true},"53":{"start":{"line":162,"column":8},"end":{"line":162,"column":35},"skip":true},"54":{"start":{"line":164,"column":8},"end":{"line":164,"column":50},"skip":true},"55":{"start":{"line":166,"column":8},"end":{"line":256,"column":2},"skip":true},"56":{"start":{"line":258,"column":8},"end":{"line":286,"column":9},"skip":true},"57":{"start":{"line":259,"column":12},"end":{"line":269,"column":14},"skip":true},"58":{"start":{"line":271,"column":12},"end":{"line":285,"column":19},"skip":true},"59":{"start":{"line":274,"column":20},"end":{"line":274,"column":35},"skip":true},"60":{"start":{"line":275,"column":20},"end":{"line":284,"column":21},"skip":true},"61":{"start":{"line":277,"column":24},"end":{"line":277,"column":64},"skip":true},"62":{"start":{"line":279,"column":24},"end":{"line":279,"column":40},"skip":true},"63":{"start":{"line":281,"column":24},"end":{"line":281,"column":40},"skip":true},"64":{"start":{"line":283,"column":24},"end":{"line":283,"column":39},"skip":true},"65":{"start":{"line":288,"column":8},"end":{"line":290,"column":9},"skip":true},"66":{"start":{"line":289,"column":12},"end":{"line":289,"column":18},"skip":true},"67":{"start":{"line":291,"column":8},"end":{"line":293,"column":54},"skip":true},"68":{"start":{"line":296,"column":8},"end":{"line":301,"column":37},"skip":true},"69":{"start":{"line":303,"column":8},"end":{"line":303,"column":82},"skip":true},"70":{"start":{"line":306,"column":8},"end":{"line":308,"column":9},"skip":true},"71":{"start":{"line":307,"column":12},"end":{"line":307,"column":82},"skip":true},"72":{"start":{"line":310,"column":8},"end":{"line":312,"column":9},"skip":true},"73":{"start":{"line":311,"column":12},"end":{"line":311,"column":18},"skip":true},"74":{"start":{"line":313,"column":8},"end":{"line":313,"column":54},"skip":true},"75":{"start":{"line":314,"column":8},"end":{"line":314,"column":69},"skip":true},"76":{"start":{"line":315,"column":8},"end":{"line":323,"column":36},"skip":true},"77":{"start":{"line":316,"column":12},"end":{"line":316,"column":61},"skip":true},"78":{"start":{"line":317,"column":12},"end":{"line":320,"column":13},"skip":true},"79":{"start":{"line":318,"column":16},"end":{"line":318,"column":75},"skip":true},"80":{"start":{"line":319,"column":16},"end":{"line":319,"column":23},"skip":true},"81":{"start":{"line":321,"column":12},"end":{"line":321,"column":38},"skip":true},"82":{"start":{"line":322,"column":12},"end":{"line":322,"column":27},"skip":true},"83":{"start":{"line":324,"column":8},"end":{"line":324,"column":14},"skip":true}},"branchMap":{"1":{"line":39,"type":"binary-expr","locations":[{"start":{"line":39,"column":23},"end":{"line":39,"column":62}},{"start":{"line":40,"column":20},"end":{"line":40,"column":70}},{"start":{"line":41,"column":20},"end":{"line":41,"column":71}},{"start":{"line":42,"column":20},"end":{"line":42,"column":29}}]},"2":{"line":44,"type":"binary-expr","locations":[{"start":{"line":44,"column":23},"end":{"line":44,"column":37}},{"start":{"line":45,"column":20},"end":{"line":45,"column":61}},{"start":{"line":46,"column":20},"end":{"line":46,"column":70}},{"start":{"line":47,"column":20},"end":{"line":47,"column":26}}]},"3":{"line":51,"type":"cond-expr","locations":[{"start":{"line":52,"column":14},"end":{"line":52,"column":20}},{"start":{"line":53,"column":14},"end":{"line":53,"column":20}}]},"4":{"line":55,"type":"binary-expr","locations":[{"start":{"line":55,"column":16},"end":{"line":55,"column":44}},{"start":{"line":55,"column":49},"end":{"line":57,"column":43}}]},"5":{"line":55,"type":"cond-expr","locations":[{"start":{"line":56,"column":14},"end":{"line":56,"column":52}},{"start":{"line":57,"column":14},"end":{"line":57,"column":43}}]},"6":{"line":61,"type":"switch","locations":[{"start":{"line":68,"column":4},"end":{"line":150,"column":14},"skip":true},{"start":{"line":156,"column":4},"end":{"line":324,"column":14},"skip":true}]},"7":{"line":70,"type":"if","locations":[{"start":{"line":70,"column":12},"end":{"line":70,"column":12},"skip":true},{"start":{"line":70,"column":12},"end":{"line":70,"column":12},"skip":true}]},"8":{"line":70,"type":"binary-expr","locations":[{"start":{"line":70,"column":16},"end":{"line":70,"column":22},"skip":true},{"start":{"line":70,"column":27},"end":{"line":70,"column":32},"skip":true},{"start":{"line":71,"column":20},"end":{"line":71,"column":39},"skip":true},{"start":{"line":72,"column":20},"end":{"line":72,"column":49},"skip":true},{"start":{"line":73,"column":20},"end":{"line":73,"column":58},"skip":true},{"start":{"line":74,"column":20},"end":{"line":74,"column":69},"skip":true}]},"9":{"line":79,"type":"switch","locations":[{"start":{"line":80,"column":20},"end":{"line":80,"column":33},"skip":true},{"start":{"line":81,"column":20},"end":{"line":83,"column":30},"skip":true},{"start":{"line":84,"column":20},"end":{"line":85,"column":49},"skip":true}]},"10":{"line":89,"type":"switch","locations":[{"start":{"line":90,"column":12},"end":{"line":103,"column":22},"skip":true},{"start":{"line":105,"column":12},"end":{"line":106,"column":22},"skip":true}]},"11":{"line":89,"type":"binary-expr","locations":[{"start":{"line":89,"column":20},"end":{"line":89,"column":25},"skip":true},{"start":{"line":89,"column":29},"end":{"line":89,"column":48},"skip":true},{"start":{"line":89,"column":52},"end":{"line":89,"column":74},"skip":true}]},"12":{"line":92,"type":"if","locations":[{"start":{"line":92,"column":16},"end":{"line":92,"column":16},"skip":true},{"start":{"line":92,"column":16},"end":{"line":92,"column":16},"skip":true}]},"13":{"line":108,"type":"if","locations":[{"start":{"line":108,"column":12},"end":{"line":108,"column":12},"skip":true},{"start":{"line":108,"column":12},"end":{"line":108,"column":12},"skip":true}]},"14":{"line":108,"type":"binary-expr","locations":[{"start":{"line":108,"column":16},"end":{"line":108,"column":61},"skip":true},{"start":{"line":108,"column":66},"end":{"line":108,"column":72},"skip":true},{"start":{"line":108,"column":77},"end":{"line":108,"column":82},"skip":true},{"start":{"line":109,"column":20},"end":{"line":109,"column":39},"skip":true},{"start":{"line":110,"column":20},"end":{"line":110,"column":49},"skip":true},{"start":{"line":111,"column":20},"end":{"line":111,"column":58},"skip":true},{"start":{"line":112,"column":20},"end":{"line":112,"column":68},"skip":true}]},"15":{"line":129,"type":"if","locations":[{"start":{"line":129,"column":16},"end":{"line":129,"column":16},"skip":true},{"start":{"line":129,"column":16},"end":{"line":129,"column":16},"skip":true}]},"16":{"line":134,"type":"cond-expr","locations":[{"start":{"line":135,"column":26},"end":{"line":135,"column":29},"skip":true},{"start":{"line":136,"column":26},"end":{"line":136,"column":54},"skip":true}]},"17":{"line":164,"type":"binary-expr","locations":[{"start":{"line":164,"column":27},"end":{"line":164,"column":43},"skip":true},{"start":{"line":164,"column":47},"end":{"line":164,"column":49},"skip":true}]},"18":{"line":258,"type":"if","locations":[{"start":{"line":258,"column":8},"end":{"line":258,"column":8},"skip":true},{"start":{"line":258,"column":8},"end":{"line":258,"column":8},"skip":true}]},"19":{"line":275,"type":"switch","locations":[{"start":{"line":276,"column":20},"end":{"line":277,"column":64},"skip":true},{"start":{"line":278,"column":20},"end":{"line":279,"column":40},"skip":true},{"start":{"line":280,"column":20},"end":{"line":281,"column":40},"skip":true},{"start":{"line":282,"column":20},"end":{"line":283,"column":39},"skip":true}]},"20":{"line":288,"type":"if","locations":[{"start":{"line":288,"column":8},"end":{"line":288,"column":8},"skip":true},{"start":{"line":288,"column":8},"end":{"line":288,"column":8},"skip":true}]},"21":{"line":288,"type":"binary-expr","locations":[{"start":{"line":288,"column":12},"end":{"line":288,"column":40},"skip":true},{"start":{"line":288,"column":44},"end":{"line":288,"column":67},"skip":true}]},"22":{"line":292,"type":"binary-expr","locations":[{"start":{"line":292,"column":12},"end":{"line":292,"column":50},"skip":true},{"start":{"line":293,"column":12},"end":{"line":293,"column":53},"skip":true}]},"23":{"line":297,"type":"binary-expr","locations":[{"start":{"line":297,"column":12},"end":{"line":297,"column":66},"skip":true},{"start":{"line":298,"column":12},"end":{"line":301,"column":36},"skip":true}]},"24":{"line":303,"type":"binary-expr","locations":[{"start":{"line":303,"column":43},"end":{"line":303,"column":75},"skip":true},{"start":{"line":303,"column":79},"end":{"line":303,"column":81},"skip":true}]},"25":{"line":306,"type":"if","locations":[{"start":{"line":306,"column":8},"end":{"line":306,"column":8},"skip":true},{"start":{"line":306,"column":8},"end":{"line":306,"column":8},"skip":true}]},"26":{"line":310,"type":"if","locations":[{"start":{"line":310,"column":8},"end":{"line":310,"column":8},"skip":true},{"start":{"line":310,"column":8},"end":{"line":310,"column":8},"skip":true}]},"27":{"line":313,"type":"binary-expr","locations":[{"start":{"line":313,"column":27},"end":{"line":313,"column":43},"skip":true},{"start":{"line":313,"column":47},"end":{"line":313,"column":53},"skip":true}]},"28":{"line":317,"type":"if","locations":[{"start":{"line":317,"column":12},"end":{"line":317,"column":12},"skip":true},{"start":{"line":317,"column":12},"end":{"line":317,"column":12},"skip":true}]}},"code":["/*","example.js","","quickstart example","","instruction","    1. save this script as example.js","    2. run the shell command:","        $ npm install npmtest-vconsole && PORT=8081 node example.js","    3. play with the browser-demo on http://127.0.0.1:8081","*/","","","","/* istanbul instrument in package npmtest_vconsole */","/*jslint","    bitwise: true,","    browser: true,","    maxerr: 8,","    maxlen: 96,","    node: true,","    nomen: true,","    regexp: true,","    stupid: true","*/","(function () {","    'use strict';","    var local;","","","","    // run shared js-env code - pre-init","    (function () {","        // init local","        local = {};","        // init modeJs","        local.modeJs = (function () {","            try {","                return typeof navigator.userAgent === 'string' &&","                    typeof document.querySelector('body') === 'object' &&","                    typeof XMLHttpRequest.prototype.open === 'function' &&","                    'browser';","            } catch (errorCaughtBrowser) {","                return module.exports &&","                    typeof process.versions.node === 'string' &&","                    typeof require('http').createServer === 'function' &&","                    'node';","            }","        }());","        // init global","        local.global = local.modeJs === 'browser'","            ? window","            : global;","        // init utility2_rollup","        local = local.global.utility2_rollup || (local.modeJs === 'browser'","            ? local.global.utility2_npmtest_vconsole","            : global.utility2_moduleExports);","        // export local","        local.global.local = local;","    }());","    switch (local.modeJs) {","","","","    // post-init","    // run browser js-env code - post-init","    /* istanbul ignore next */","    case 'browser':","        local.testRunBrowser = function (event) {","            if (!event || (event &&","                    event.currentTarget &&","                    event.currentTarget.className &&","                    event.currentTarget.className.includes &&","                    event.currentTarget.className.includes('onreset'))) {","                // reset output","                Array.from(","                    document.querySelectorAll('body > .resettable')","                ).forEach(function (element) {","                    switch (element.tagName) {","                    case 'INPUT':","                    case 'TEXTAREA':","                        element.value = '';","                        break;","                    default:","                        element.textContent = '';","                    }","                });","            }","            switch (event && event.currentTarget && event.currentTarget.id) {","            case 'testRunButton1':","                // show tests","                if (document.querySelector('#testReportDiv1').style.display === 'none') {","                    document.querySelector('#testReportDiv1').style.display = 'block';","                    document.querySelector('#testRunButton1').textContent =","                        'hide internal test';","                    local.modeTest = true;","                    local.testRunDefault(local);","                // hide tests","                } else {","                    document.querySelector('#testReportDiv1').style.display = 'none';","                    document.querySelector('#testRunButton1').textContent = 'run internal test';","                }","                break;","            // custom-case","            default:","                break;","            }","            if (document.querySelector('#inputTextareaEval1') && (!event || (event &&","                    event.currentTarget &&","                    event.currentTarget.className &&","                    event.currentTarget.className.includes &&","                    event.currentTarget.className.includes('oneval')))) {","                // try to eval input-code","                try {","                    /*jslint evil: true*/","                    eval(document.querySelector('#inputTextareaEval1').value);","                } catch (errorCaught) {","                    console.error(errorCaught);","                }","            }","        };","        // log stderr and stdout to #outputTextareaStdout1","        ['error', 'log'].forEach(function (key) {","            console[key + '_original'] = console[key];","            console[key] = function () {","                var element;","                console[key + '_original'].apply(console, arguments);","                element = document.querySelector('#outputTextareaStdout1');","                if (!element) {","                    return;","                }","                // append text to #outputTextareaStdout1","                element.value += Array.from(arguments).map(function (arg) {","                    return typeof arg === 'string'","                        ? arg","                        : JSON.stringify(arg, null, 4);","                }).join(' ') + '\\n';","                // scroll textarea to bottom","                element.scrollTop = element.scrollHeight;","            };","        });","        // init event-handling","        ['change', 'click', 'keyup'].forEach(function (event) {","            Array.from(document.querySelectorAll('.on' + event)).forEach(function (element) {","                element.addEventListener(event, local.testRunBrowser);","            });","        });","        // run tests","        local.testRunBrowser();","        break;","","","","    // run node js-env code - post-init","    /* istanbul ignore next */","    case 'node':","        // export local","        module.exports = local;","        // require modules","        local.fs = require('fs');","        local.http = require('http');","        local.url = require('url');","        // init assets","        local.assetsDict = local.assetsDict || {};","        /* jslint-ignore-begin */","        local.assetsDict['/assets.index.template.html'] = '\\","<!doctype html>\\n\\","<html lang=\"en\">\\n\\","<head>\\n\\","<meta charset=\"UTF-8\">\\n\\","<meta name=\"viewport\" content=\"width=device-width, initial-scale=1\">\\n\\","<title>{{env.npm_package_name}} (v{{env.npm_package_version}})</title>\\n\\","<style>\\n\\","/*csslint\\n\\","    box-sizing: false,\\n\\","    universal-selector: false\\n\\","*/\\n\\","* {\\n\\","    box-sizing: border-box;\\n\\","}\\n\\","body {\\n\\","    background: #dde;\\n\\","    font-family: Arial, Helvetica, sans-serif;\\n\\","    margin: 2rem;\\n\\","}\\n\\","body > * {\\n\\","    margin-bottom: 1rem;\\n\\","}\\n\\",".utility2FooterDiv {\\n\\","    margin-top: 20px;\\n\\","    text-align: center;\\n\\","}\\n\\","</style>\\n\\","<style>\\n\\","/*csslint\\n\\","*/\\n\\","textarea {\\n\\","    font-family: monospace;\\n\\","    height: 10rem;\\n\\","    width: 100%;\\n\\","}\\n\\","textarea[readonly] {\\n\\","    background: #ddd;\\n\\","}\\n\\","</style>\\n\\","</head>\\n\\","<body>\\n\\","<!-- utility2-comment\\n\\","<div id=\"ajaxProgressDiv1\" style=\"background: #d00; height: 2px; left: 0; margin: 0; padding: 0; position: fixed; top: 0; transition: background 0.5s, width 1.5s; width: 25%;\"></div>\\n\\","utility2-comment -->\\n\\","<h1>\\n\\","<!-- utility2-comment\\n\\","    <a\\n\\","        {{#if env.npm_package_homepage}}\\n\\","        href=\"{{env.npm_package_homepage}}\"\\n\\","        {{/if env.npm_package_homepage}}\\n\\","        target=\"_blank\"\\n\\","    >\\n\\","utility2-comment -->\\n\\","        {{env.npm_package_name}} (v{{env.npm_package_version}})\\n\\","<!-- utility2-comment\\n\\","    </a>\\n\\","utility2-comment -->\\n\\","</h1>\\n\\","<h3>{{env.npm_package_description}}</h3>\\n\\","<!-- utility2-comment\\n\\","<h4><a download href=\"assets.app.js\">download standalone app</a></h4>\\n\\","<button class=\"onclick onreset\" id=\"testRunButton1\">run internal test</button><br>\\n\\","<div id=\"testReportDiv1\" style=\"display: none;\"></div>\\n\\","utility2-comment -->\\n\\","\\n\\","\\n\\","\\n\\","<label>stderr and stdout</label>\\n\\","<textarea class=\"resettable\" id=\"outputTextareaStdout1\" readonly></textarea>\\n\\","<!-- utility2-comment\\n\\","{{#if isRollup}}\\n\\","<script src=\"assets.app.js\"></script>\\n\\","{{#unless isRollup}}\\n\\","utility2-comment -->\\n\\","<script src=\"assets.utility2.rollup.js\"></script>\\n\\","<script src=\"jsonp.utility2._stateInit?callback=window.utility2._stateInit\"></script>\\n\\","<script src=\"assets.npmtest_vconsole.rollup.js\"></script>\\n\\","<script src=\"assets.example.js\"></script>\\n\\","<script src=\"assets.test.js\"></script>\\n\\","<!-- utility2-comment\\n\\","{{/if isRollup}}\\n\\","utility2-comment -->\\n\\","<div class=\"utility2FooterDiv\">\\n\\","    [ this app was created with\\n\\","    <a href=\"https://github.com/kaizhu256/node-utility2\" target=\"_blank\">utility2</a>\\n\\","    ]\\n\\","</div>\\n\\","</body>\\n\\","</html>\\n\\","';","        /* jslint-ignore-end */","        if (local.templateRender) {","            local.assetsDict['/'] = local.templateRender(","                local.assetsDict['/assets.index.template.html'],","                {","                    env: local.objectSetDefault(local.env, {","                        npm_package_description: 'the greatest app in the world!',","                        npm_package_name: 'my-app',","                        npm_package_nameAlias: 'my_app',","                        npm_package_version: '0.0.1'","                    })","                }","            );","        } else {","            local.assetsDict['/'] = local.assetsDict['/assets.index.template.html']","                .replace((/\\{\\{env\\.(\\w+?)\\}\\}/g), function (match0, match1) {","                    // jslint-hack","                    String(match0);","                    switch (match1) {","                    case 'npm_package_description':","                        return 'the greatest app in the world!';","                    case 'npm_package_name':","                        return 'my-app';","                    case 'npm_package_nameAlias':","                        return 'my_app';","                    case 'npm_package_version':","                        return '0.0.1';","                    }","                });","        }","        // run the cli","        if (local.global.utility2_rollup || module !== require.main) {","            break;","        }","        local.assetsDict['/assets.example.js'] =","            local.assetsDict['/assets.example.js'] ||","            local.fs.readFileSync(__filename, 'utf8');","        // bug-workaround - long $npm_package_buildCustomOrg","        /* jslint-ignore-begin */","        local.assetsDict['/assets.npmtest_vconsole.rollup.js'] =","            local.assetsDict['/assets.npmtest_vconsole.rollup.js'] ||","            local.fs.readFileSync(","                local.npmtest_vconsole.__dirname + '/lib.npmtest_vconsole.js',","                'utf8'","            ).replace((/^#!/), '//');","        /* jslint-ignore-end */","        local.assetsDict['/favicon.ico'] = local.assetsDict['/favicon.ico'] || '';","        // if $npm_config_timeout_exit exists,","        // then exit this process after $npm_config_timeout_exit ms","        if (Number(process.env.npm_config_timeout_exit)) {","            setTimeout(process.exit, Number(process.env.npm_config_timeout_exit));","        }","        // start server","        if (local.global.utility2_serverHttp1) {","            break;","        }","        process.env.PORT = process.env.PORT || '8081';","        console.error('server starting on port ' + process.env.PORT);","        local.http.createServer(function (request, response) {","            request.urlParsed = local.url.parse(request.url);","            if (local.assetsDict[request.urlParsed.pathname] !== undefined) {","                response.end(local.assetsDict[request.urlParsed.pathname]);","                return;","            }","            response.statusCode = 404;","            response.end();","        }).listen(process.env.PORT);","        break;","    }","}());",""],"l":{"26":2,"28":2,"33":2,"35":2,"37":2,"38":2,"39":2,"44":1,"51":2,"55":2,"59":2,"61":2,"69":1,"70":2,"76":2,"79":2,"82":2,"83":2,"85":1,"89":2,"92":1,"93":1,"94":1,"96":1,"97":1,"100":1,"101":1,"103":1,"106":1,"108":2,"114":1,"116":1,"118":1,"123":1,"124":2,"125":2,"126":3,"127":3,"128":3,"129":3,"130":1,"133":3,"134":3,"139":3,"143":1,"144":3,"145":1,"149":1,"150":1,"158":1,"160":1,"161":1,"162":1,"164":1,"166":1,"258":1,"259":1,"271":1,"274":6,"275":6,"277":1,"279":2,"281":1,"283":2,"288":1,"289":1,"291":1,"296":1,"303":1,"306":1,"307":1,"310":1,"311":1,"313":1,"314":1,"315":1,"316":1,"317":1,"318":1,"319":1,"321":1,"322":1,"324":1}},"/home/travis/build/npmtest/node-npmtest-vconsole/node_modules/vconsole/dist/vconsole.min.js":{"path":"/home/travis/build/npmtest/node-npmtest-vconsole/node_modules/vconsole/dist/vconsole.min.js","s":{"1":2,"2":2,"3":2,"4":1,"5":22,"6":2,"7":20,"8":20,"9":2,"10":2,"11":1,"12":0,"13":2,"14":2,"15":0,"16":0,"17":0,"18":0,"19":0,"20":1,"21":2,"22":2,"23":0,"24":0,"25":0,"26":0,"27":0,"28":1,"29":4,"30":1,"31":0,"32":0,"33":2,"34":2,"35":1,"36":0,"37":0,"38":0,"39":2,"40":0,"41":2,"42":0,"43":1,"44":0,"45":0,"46":0,"47":0,"48":0,"49":0,"50":0,"51":0,"52":0,"53":0,"54":0,"55":0,"56":0,"57":0,"58":0,"59":0,"60":0,"61":0,"62":0,"63":0,"64":0,"65":0,"66":0,"67":0,"68":0,"69":0,"70":0,"71":0,"72":0,"73":0,"74":0,"75":0,"76":0,"77":0,"78":0,"79":0,"80":0,"81":0,"82":0,"83":0,"84":0,"85":0,"86":0,"87":0,"88":0,"89":0,"90":0,"91":0,"92":0,"93":0,"94":0,"95":0,"96":0,"97":0,"98":0,"99":0,"100":0,"101":0,"102":0,"103":0,"104":0,"105":0,"106":0,"107":0,"108":0,"109":0,"110":0,"111":0,"112":0,"113":0,"114":0,"115":0,"116":0,"117":0,"118":0,"119":0,"120":0,"121":0,"122":0,"123":0,"124":0,"125":0,"126":0,"127":0,"128":0,"129":0,"130":0,"131":0,"132":0,"133":0,"134":0,"135":0,"136":0,"137":0,"138":0,"139":0,"140":0,"141":0,"142":0,"143":0,"144":0,"145":0,"146":0,"147":0,"148":0,"149":0,"150":0,"151":0,"152":0,"153":0,"154":0,"155":2,"156":1,"157":0,"158":0,"159":1,"160":0,"161":1,"162":0,"163":1,"164":0,"165":1,"166":0,"167":1,"168":0,"169":1,"170":0,"171":1,"172":0,"173":1,"174":0,"175":1,"176":0,"177":1,"178":0,"179":1,"180":0,"181":1,"182":1,"183":0,"184":0,"185":0,"186":0,"187":1,"188":0,"189":0,"190":0,"191":0,"192":0,"193":0,"194":0,"195":0,"196":0,"197":0,"198":0,"199":0,"200":0,"201":0,"202":0,"203":0,"204":0,"205":0,"206":0,"207":0,"208":1,"209":0,"210":0,"211":0,"212":0,"213":0,"214":0,"215":1,"216":0,"217":1,"218":0,"219":1,"220":0,"221":2,"222":2,"223":0,"224":0,"225":2,"226":1,"227":2,"228":2,"229":2,"230":2,"231":0,"232":0,"233":0,"234":0,"235":0,"236":0,"237":0,"238":0,"239":0,"240":0,"241":0,"242":0,"243":0,"244":0,"245":0,"246":0,"247":0,"248":0,"249":0,"250":0,"251":0,"252":0,"253":0,"254":0,"255":0,"256":0,"257":0,"258":0,"259":0,"260":0,"261":0,"262":0,"263":0,"264":0,"265":0,"266":1,"267":0,"268":0,"269":0,"270":0,"271":0,"272":0,"273":0,"274":0,"275":0,"276":0,"277":2,"278":2,"279":2,"280":2,"281":0,"282":2,"283":2,"284":2,"285":2,"286":0,"287":0,"288":0,"289":0,"290":0,"291":0,"292":0,"293":0,"294":0,"295":0,"296":0,"297":1,"298":0,"299":0,"300":0,"301":0,"302":0,"303":0,"304":0,"305":0,"306":0,"307":0,"308":0,"309":1,"310":0,"311":0,"312":0,"313":0,"314":1,"315":0,"316":0,"317":0,"318":0,"319":0,"320":0,"321":1,"322":0,"323":0,"324":0,"325":1,"326":0,"327":0,"328":1,"329":0,"330":0,"331":1,"332":0,"333":0,"334":0,"335":0,"336":0,"337":0,"338":0,"339":0,"340":0,"341":0,"342":0,"343":0,"344":0,"345":1,"346":0,"347":0,"348":0,"349":0,"350":0,"351":1,"352":0,"353":0,"354":0,"355":0,"356":0,"357":0,"358":1,"359":0,"360":0,"361":0,"362":0,"363":2,"364":4,"365":4,"366":2,"367":2,"368":0,"369":2,"370":2,"371":0,"372":0,"373":0,"374":0,"375":0,"376":0,"377":0,"378":0,"379":0,"380":0,"381":0,"382":0,"383":0,"384":0,"385":2,"386":2,"387":2,"388":0,"389":0,"390":0,"391":0,"392":0,"393":0,"394":1,"395":0,"396":0,"397":0,"398":0,"399":1,"400":0,"401":0,"402":0,"403":0,"404":0,"405":1,"406":0,"407":0,"408":0,"409":0,"410":0,"411":0,"412":0,"413":0,"414":0,"415":0,"416":0,"417":0,"418":0,"419":0,"420":0,"421":0,"422":0,"423":0,"424":1,"425":0,"426":0,"427":0,"428":0,"429":0,"430":0,"431":0,"432":1,"433":0,"434":1,"435":0,"436":0,"437":1,"438":0,"439":0,"440":0,"441":1,"442":0,"443":0,"444":0,"445":0,"446":0,"447":1,"448":0,"449":0,"450":0,"451":0,"452":0,"453":0,"454":0,"455":0,"456":0,"457":0,"458":0,"459":0,"460":0,"461":0,"462":0,"463":1,"464":0,"465":0,"466":0,"467":0,"468":0,"469":0,"470":0,"471":0,"472":0,"473":0,"474":0,"475":0,"476":0,"477":0,"478":0,"479":0,"480":0,"481":0,"482":0,"483":0,"484":0,"485":0,"486":0,"487":1,"488":0,"489":1,"490":0,"491":0,"492":0,"493":0,"494":0,"495":0,"496":0,"497":1,"498":0,"499":0,"500":1,"501":0,"502":0,"503":0,"504":1,"505":0,"506":0,"507":0,"508":0,"509":0,"510":0,"511":0,"512":1,"513":0,"514":0,"515":0,"516":0,"517":0,"518":1,"519":0,"520":0,"521":0,"522":0,"523":0,"524":0,"525":0,"526":0,"527":0,"528":0,"529":0,"530":0,"531":0,"532":0,"533":0,"534":0,"535":0,"536":0,"537":0,"538":0,"539":0,"540":0,"541":0,"542":0,"543":0,"544":0,"545":0,"546":0,"547":0,"548":0,"549":0,"550":0,"551":0,"552":0,"553":0,"554":0,"555":0,"556":0,"557":0,"558":0,"559":0,"560":0,"561":0,"562":0,"563":0,"564":0,"565":0,"566":0,"567":0,"568":0,"569":0,"570":0,"571":0,"572":0,"573":0,"574":0,"575":0,"576":0,"577":0,"578":0,"579":0,"580":0,"581":0,"582":0,"583":0,"584":0,"585":0,"586":0,"587":0,"588":0,"589":0,"590":0,"591":0,"592":0,"593":0,"594":0,"595":0,"596":0,"597":0,"598":0,"599":0,"600":0,"601":0,"602":0,"603":0,"604":0,"605":0,"606":0,"607":0,"608":0,"609":0,"610":0,"611":0,"612":0,"613":0,"614":0,"615":0,"616":0,"617":0,"618":0,"619":0,"620":0,"621":0,"622":0,"623":1,"624":0,"625":1,"626":0,"627":0,"628":0,"629":0,"630":0,"631":0,"632":0,"633":1,"634":0,"635":0,"636":1,"637":0,"638":0,"639":0,"640":1,"641":0,"642":0,"643":0,"644":0,"645":0,"646":1,"647":0,"648":0,"649":0,"650":0,"651":0,"652":0,"653":0,"654":0,"655":0,"656":0,"657":0,"658":0,"659":0,"660":0,"661":0,"662":1,"663":0,"664":0,"665":0,"666":0,"667":0,"668":0,"669":0,"670":0,"671":0,"672":0,"673":0,"674":0,"675":0,"676":0,"677":0,"678":0,"679":0,"680":0,"681":0,"682":0,"683":1,"684":0,"685":0,"686":0,"687":0,"688":0,"689":0,"690":0,"691":1,"692":0,"693":1,"694":0,"695":0,"696":1,"697":0,"698":0,"699":0,"700":1,"701":0,"702":0,"703":0,"704":0,"705":0,"706":1,"707":0,"708":0,"709":0,"710":0,"711":0,"712":1,"713":0,"714":0,"715":0,"716":0,"717":0,"718":0,"719":0,"720":0,"721":0,"722":0,"723":0,"724":0,"725":0,"726":0,"727":0,"728":0,"729":0,"730":0,"731":0,"732":0,"733":0,"734":0,"735":0,"736":0,"737":0,"738":0,"739":0,"740":0,"741":0,"742":0,"743":0,"744":0,"745":0,"746":0,"747":0,"748":0,"749":0,"750":0,"751":0,"752":0,"753":0,"754":0,"755":0,"756":0,"757":0,"758":0,"759":0,"760":0,"761":0,"762":0,"763":0,"764":0,"765":0,"766":0,"767":0,"768":0,"769":0,"770":0,"771":0,"772":0,"773":0,"774":0,"775":0,"776":0,"777":0,"778":0,"779":0,"780":0,"781":0,"782":0,"783":0,"784":0},"b":{"1":[2,0],"2":[2,2],"3":[0,0],"4":[0,0],"5":[0,0],"6":[2,20],"7":[0,0],"8":[0,0],"9":[2,0],"10":[2,2],"11":[0,0],"12":[0,0],"13":[0,4],"14":[4,4],"15":[0,0],"16":[0,0],"17":[0,0],"18":[0,0],"19":[0,0],"20":[0,0],"21":[0,0],"22":[0,0],"23":[0,0],"24":[0,0],"25":[0,0],"26":[0,0,0],"27":[0,0],"28":[0,0],"29":[0,0],"30":[0,0],"31":[0,0],"32":[0,0],"33":[0,0,0],"34":[0,0],"35":[0,0,0],"36":[0,0],"37":[0,0,0,0,0,0,0],"38":[0,0],"39":[0,0],"40":[0,0],"41":[0,0],"42":[0,0],"43":[0,0],"44":[0,0],"45":[0,0],"46":[0,0],"47":[0,0],"48":[0,0],"49":[0,0],"50":[0,0,0],"51":[0,0],"52":[0,0,0],"53":[0,0],"54":[0,0],"55":[0,0],"56":[0,0],"57":[0,0],"58":[0,0],"59":[0,0],"60":[0,0],"61":[0,0],"62":[0,0],"63":[0,0],"64":[0,0],"65":[0,0],"66":[0,0],"67":[0,0],"68":[0,0],"69":[0,0],"70":[0,0,0],"71":[0,0],"72":[0,0],"73":[0,0],"74":[0,0],"75":[0,0],"76":[0,0],"77":[0,0],"78":[0,0],"79":[0,0],"80":[0,0,0,0,0,0,0,0,0],"81":[0,0],"82":[0,0],"83":[0,0,0,0,0],"84":[0,0],"85":[0,0],"86":[0,0],"87":[0,0],"88":[0,0,0],"89":[0,0],"90":[0,0],"91":[0,0],"92":[0,0],"93":[0,0],"94":[0,0],"95":[0,0],"96":[0,0],"97":[0,0],"98":[0,0],"99":[0,0],"100":[0,0],"101":[0,0],"102":[0,0],"103":[0,0],"104":[0,0],"105":[2,0],"106":[2,2],"107":[0,0],"108":[0,0,0],"109":[0,2],"110":[2,2],"111":[0,0],"112":[0,0],"113":[0,0,0],"114":[0,0],"115":[0,0],"116":[0,0],"117":[0,0],"118":[0,0],"119":[0,0],"120":[0,0],"121":[0,0],"122":[0,0],"123":[0,0],"124":[0,0],"125":[0,0],"126":[0,0],"127":[0,0],"128":[0,0],"129":[0,0],"130":[0,0],"131":[0,0],"132":[0,0],"133":[0,0],"134":[0,0],"135":[0,0],"136":[0,0],"137":[0,0],"138":[2,0],"139":[0,0],"140":[0,0],"141":[0,0],"142":[0,0],"143":[0,0,0],"144":[0,0],"145":[0,0],"146":[0,0],"147":[0,0],"148":[0,0],"149":[0,0],"150":[0,0],"151":[0,0],"152":[0,0],"153":[0,0],"154":[0,0],"155":[0,0],"156":[0,0],"157":[0,0,0,0,0,0],"158":[0,0],"159":[0,0],"160":[0,0],"161":[0,0,0],"162":[0,0],"163":[0,0],"164":[0,0],"165":[0,0],"166":[0,0],"167":[0,0],"168":[0,0],"169":[0,0],"170":[2,2],"171":[0,0],"172":[2,0],"173":[2,2],"174":[0,0],"175":[0,0],"176":[0,0],"177":[0,0],"178":[0,0],"179":[0,0],"180":[0,0],"181":[0,0],"182":[0,0],"183":[0,0],"184":[0,0],"185":[0,0],"186":[0,0],"187":[0,0],"188":[0,0],"189":[0,0],"190":[0,0],"191":[0,0],"192":[0,0],"193":[0,0],"194":[0,0],"195":[0,0],"196":[0,0],"197":[0,0,0],"198":[0,0],"199":[0,0],"200":[0,0],"201":[0,0],"202":[0,0],"203":[0,0],"204":[0,0],"205":[0,0],"206":[0,0],"207":[0,0],"208":[0,0],"209":[0,0],"210":[0,0],"211":[0,0],"212":[0,0],"213":[0,0],"214":[0,0],"215":[0,0,0],"216":[0,0],"217":[0,0],"218":[0,0],"219":[0,0],"220":[0,0],"221":[0,0],"222":[0,0],"223":[0,0],"224":[0,0],"225":[0,0],"226":[0,0],"227":[0,0],"228":[0,0],"229":[0,0],"230":[0,0],"231":[0,0],"232":[0,0,0],"233":[0,0],"234":[0,0],"235":[0,0],"236":[0,0],"237":[0,0],"238":[0,0],"239":[0,0],"240":[0,0],"241":[0,0,0],"242":[0,0],"243":[0,0],"244":[0,0],"245":[0,0],"246":[0,0],"247":[0,0],"248":[0,0],"249":[0,0],"250":[0,0],"251":[0,0],"252":[0,0],"253":[0,0],"254":[0,0],"255":[0,0],"256":[0,0],"257":[0,0],"258":[0,0],"259":[0,0],"260":[0,0],"261":[0,0],"262":[0,0,0],"263":[0,0],"264":[0,0],"265":[0,0],"266":[0,0],"267":[0,0],"268":[0,0],"269":[0,0],"270":[0,0],"271":[0,0],"272":[0,0],"273":[0,0],"274":[0,0],"275":[0,0],"276":[0,0],"277":[0,0],"278":[0,0],"279":[0,0],"280":[0,0],"281":[0,0],"282":[0,0],"283":[0,0],"284":[0,0],"285":[0,0],"286":[0,0],"287":[0,0],"288":[0,0],"289":[0,0],"290":[0,0],"291":[0,0],"292":[0,0],"293":[0,0],"294":[0,0],"295":[0,0,0],"296":[0,0],"297":[0,0],"298":[0,0],"299":[0,0],"300":[0,0],"301":[0,0],"302":[0,0],"303":[0,0],"304":[0,0],"305":[0,0],"306":[0,0],"307":[0,0,0],"308":[0,0],"309":[0,0],"310":[0,0],"311":[0,0],"312":[0,0],"313":[0,0],"314":[0,0],"315":[0,0],"316":[0,0],"317":[0,0],"318":[0,0],"319":[0,0],"320":[0,0],"321":[0,0],"322":[0,0],"323":[0,0],"324":[0,0],"325":[0,0],"326":[0,0],"327":[0,0],"328":[0,0],"329":[0,0],"330":[0,0],"331":[0,0],"332":[0,0,0],"333":[0,0],"334":[0,0],"335":[0,0],"336":[0,0,0],"337":[0,0,0],"338":[0,0,0],"339":[0,0],"340":[0,0],"341":[0,0,0],"342":[0,0,0],"343":[0,0,0],"344":[0,0],"345":[0,0],"346":[0,0,0],"347":[0,0,0],"348":[0,0],"349":[0,0],"350":[0,0],"351":[0,0],"352":[0,0],"353":[0,0],"354":[0,0],"355":[0,0],"356":[0,0],"357":[0,0,0],"358":[0,0],"359":[0,0],"360":[0,0],"361":[0,0],"362":[0,0],"363":[0,0],"364":[0,0],"365":[0,0],"366":[0,0],"367":[0,0],"368":[0,0],"369":[0,0],"370":[0,0],"371":[0,0],"372":[0,0],"373":[0,0],"374":[0,0],"375":[0,0],"376":[0,0],"377":[0,0],"378":[0,0],"379":[0,0],"380":[0,0],"381":[0,0],"382":[0,0],"383":[0,0],"384":[0,0],"385":[0,0],"386":[0,0],"387":[0,0],"388":[0,0],"389":[0,0],"390":[0,0],"391":[0,0,0],"392":[0,0],"393":[0,0],"394":[0,0]},"f":{"1":2,"2":2,"3":2,"4":22,"5":2,"6":0,"7":2,"8":2,"9":4,"10":0,"11":2,"12":0,"13":0,"14":0,"15":0,"16":0,"17":0,"18":0,"19":0,"20":0,"21":0,"22":0,"23":0,"24":0,"25":0,"26":0,"27":0,"28":0,"29":0,"30":0,"31":0,"32":0,"33":0,"34":0,"35":0,"36":0,"37":0,"38":0,"39":0,"40":0,"41":0,"42":0,"43":0,"44":0,"45":0,"46":0,"47":0,"48":0,"49":0,"50":2,"51":2,"52":0,"53":0,"54":0,"55":0,"56":0,"57":0,"58":0,"59":0,"60":0,"61":0,"62":0,"63":0,"64":0,"65":0,"66":0,"67":0,"68":0,"69":0,"70":0,"71":0,"72":0,"73":2,"74":2,"75":0,"76":0,"77":0,"78":0,"79":0,"80":0,"81":0,"82":0,"83":2,"84":0,"85":0,"86":2,"87":2,"88":2,"89":2,"90":0,"91":0,"92":2,"93":0,"94":0,"95":0,"96":0,"97":0,"98":0,"99":0,"100":0,"101":0,"102":0,"103":0,"104":0,"105":0,"106":4,"107":2,"108":2,"109":0,"110":2,"111":0,"112":2,"113":0,"114":0,"115":0,"116":0,"117":0,"118":0,"119":0,"120":0,"121":0,"122":0,"123":0,"124":0,"125":0,"126":0,"127":0,"128":0,"129":0,"130":0,"131":0,"132":0,"133":0,"134":0,"135":0,"136":0,"137":0,"138":0,"139":0,"140":0,"141":0,"142":0,"143":0,"144":0,"145":0,"146":0,"147":0,"148":0,"149":0,"150":0,"151":0,"152":0,"153":0,"154":0,"155":0,"156":0,"157":0,"158":0,"159":0,"160":0,"161":0,"162":0,"163":0,"164":0,"165":0,"166":0,"167":0,"168":0,"169":0,"170":0,"171":0,"172":0,"173":0,"174":0,"175":0,"176":0,"177":0,"178":0,"179":0,"180":0,"181":0,"182":0,"183":0,"184":0,"185":0,"186":0,"187":0,"188":0,"189":0,"190":0,"191":0,"192":0,"193":0,"194":0,"195":0,"196":0,"197":0,"198":0,"199":0,"200":0,"201":0,"202":0,"203":0,"204":0,"205":0,"206":0,"207":0,"208":0,"209":0,"210":0,"211":0,"212":0,"213":0,"214":0,"215":0,"216":0,"217":0,"218":0,"219":0,"220":0,"221":0,"222":0,"223":0,"224":0,"225":0,"226":0,"227":0,"228":0,"229":0,"230":0,"231":0,"232":0,"233":0,"234":0,"235":0,"236":0,"237":0,"238":0,"239":0,"240":0,"241":0,"242":0},"fnMap":{"1":{"name":"(anonymous_1)","line":6,"loc":{"start":{"line":6,"column":1},"end":{"line":6,"column":14}}},"2":{"name":"(anonymous_2)","line":6,"loc":{"start":{"line":6,"column":202},"end":{"line":6,"column":212}}},"3":{"name":"(anonymous_3)","line":6,"loc":{"start":{"line":6,"column":220},"end":{"line":6,"column":231}}},"4":{"name":"t","line":6,"loc":{"start":{"line":6,"column":232},"end":{"line":6,"column":245}}},"5":{"name":"(anonymous_5)","line":6,"loc":{"start":{"line":6,"column":419},"end":{"line":6,"column":434}}},"6":{"name":"n","line":6,"loc":{"start":{"line":6,"column":448},"end":{"line":6,"column":461}}},"7":{"name":"(anonymous_7)","line":6,"loc":{"start":{"line":6,"column":883},"end":{"line":6,"column":898}}},"8":{"name":"n","line":6,"loc":{"start":{"line":6,"column":912},"end":{"line":6,"column":925}}},"9":{"name":"l","line":6,"loc":{"start":{"line":6,"column":1068},"end":{"line":6,"column":1081}}},"10":{"name":"i","line":6,"loc":{"start":{"line":6,"column":1121},"end":{"line":6,"column":1136}}},"11":{"name":"(anonymous_11)","line":6,"loc":{"start":{"line":6,"column":1270},"end":{"line":6,"column":1280}}},"12":{"name":"e","line":6,"loc":{"start":{"line":6,"column":1281},"end":{"line":6,"column":1296}}},"13":{"name":"(anonymous_13)","line":6,"loc":{"start":{"line":6,"column":1454},"end":{"line":6,"column":1469}}},"14":{"name":"(anonymous_14)","line":6,"loc":{"start":{"line":6,"column":1641},"end":{"line":6,"column":1651}}},"15":{"name":"e","line":6,"loc":{"start":{"line":6,"column":1652},"end":{"line":6,"column":1664}}},"16":{"name":"(anonymous_16)","line":6,"loc":{"start":{"line":6,"column":1925},"end":{"line":6,"column":1935}}},"17":{"name":"(anonymous_17)","line":6,"loc":{"start":{"line":6,"column":2080},"end":{"line":6,"column":2090}}},"18":{"name":"n","line":6,"loc":{"start":{"line":6,"column":2106},"end":{"line":6,"column":2118}}},"19":{"name":"(anonymous_19)","line":6,"loc":{"start":{"line":6,"column":2259},"end":{"line":6,"column":2269}}},"20":{"name":"(anonymous_20)","line":6,"loc":{"start":{"line":6,"column":3059},"end":{"line":6,"column":3069}}},"21":{"name":"(anonymous_21)","line":6,"loc":{"start":{"line":6,"column":3164},"end":{"line":6,"column":3175}}},"22":{"name":"(anonymous_22)","line":6,"loc":{"start":{"line":6,"column":3361},"end":{"line":6,"column":3372}}},"23":{"name":"(anonymous_23)","line":6,"loc":{"start":{"line":6,"column":3494},"end":{"line":6,"column":3505}}},"24":{"name":"(anonymous_24)","line":6,"loc":{"start":{"line":6,"column":4082},"end":{"line":6,"column":4092}}},"25":{"name":"(anonymous_25)","line":6,"loc":{"start":{"line":6,"column":4177},"end":{"line":6,"column":4188}}},"26":{"name":"(anonymous_26)","line":6,"loc":{"start":{"line":6,"column":4298},"end":{"line":6,"column":4309}}},"27":{"name":"(anonymous_27)","line":6,"loc":{"start":{"line":6,"column":4564},"end":{"line":6,"column":4575}}},"28":{"name":"(anonymous_28)","line":6,"loc":{"start":{"line":6,"column":5130},"end":{"line":6,"column":5140}}},"29":{"name":"(anonymous_29)","line":6,"loc":{"start":{"line":6,"column":5214},"end":{"line":6,"column":5224}}},"30":{"name":"(anonymous_30)","line":6,"loc":{"start":{"line":6,"column":5298},"end":{"line":6,"column":5309}}},"31":{"name":"(anonymous_31)","line":6,"loc":{"start":{"line":6,"column":5453},"end":{"line":6,"column":5464}}},"32":{"name":"(anonymous_32)","line":6,"loc":{"start":{"line":6,"column":5641},"end":{"line":6,"column":5652}}},"33":{"name":"(anonymous_33)","line":6,"loc":{"start":{"line":6,"column":5869},"end":{"line":6,"column":5880}}},"34":{"name":"(anonymous_34)","line":6,"loc":{"start":{"line":6,"column":6164},"end":{"line":6,"column":6175}}},"35":{"name":"(anonymous_35)","line":6,"loc":{"start":{"line":6,"column":6231},"end":{"line":6,"column":6242}}},"36":{"name":"(anonymous_36)","line":6,"loc":{"start":{"line":6,"column":6274},"end":{"line":6,"column":6284}}},"37":{"name":"(anonymous_37)","line":6,"loc":{"start":{"line":6,"column":6447},"end":{"line":6,"column":6458}}},"38":{"name":"(anonymous_38)","line":6,"loc":{"start":{"line":6,"column":6510},"end":{"line":6,"column":6521}}},"39":{"name":"(anonymous_39)","line":6,"loc":{"start":{"line":6,"column":6958},"end":{"line":6,"column":6969}}},"40":{"name":"(anonymous_40)","line":6,"loc":{"start":{"line":6,"column":7505},"end":{"line":6,"column":7516}}},"41":{"name":"(anonymous_41)","line":6,"loc":{"start":{"line":6,"column":7921},"end":{"line":6,"column":7932}}},"42":{"name":"(anonymous_42)","line":6,"loc":{"start":{"line":6,"column":8027},"end":{"line":6,"column":8040}}},"43":{"name":"(anonymous_43)","line":6,"loc":{"start":{"line":6,"column":8107},"end":{"line":6,"column":8118}}},"44":{"name":"(anonymous_44)","line":6,"loc":{"start":{"line":6,"column":8365},"end":{"line":6,"column":8376}}},"45":{"name":"(anonymous_45)","line":6,"loc":{"start":{"line":6,"column":9112},"end":{"line":6,"column":9122}}},"46":{"name":"(anonymous_46)","line":6,"loc":{"start":{"line":6,"column":9211},"end":{"line":6,"column":9221}}},"47":{"name":"(anonymous_47)","line":6,"loc":{"start":{"line":6,"column":9393},"end":{"line":6,"column":9403}}},"48":{"name":"(anonymous_48)","line":6,"loc":{"start":{"line":6,"column":9616},"end":{"line":6,"column":9627}}},"49":{"name":"(anonymous_49)","line":6,"loc":{"start":{"line":6,"column":9699},"end":{"line":6,"column":9710}}},"50":{"name":"(anonymous_50)","line":6,"loc":{"start":{"line":6,"column":10674},"end":{"line":6,"column":10687}}},"51":{"name":"(anonymous_51)","line":6,"loc":{"start":{"line":6,"column":11514},"end":{"line":6,"column":11527}}},"52":{"name":"o","line":6,"loc":{"start":{"line":6,"column":11541},"end":{"line":6,"column":11554}}},"53":{"name":"n","line":6,"loc":{"start":{"line":6,"column":12021},"end":{"line":6,"column":12034}}},"54":{"name":"l","line":6,"loc":{"start":{"line":6,"column":12094},"end":{"line":6,"column":12107}}},"55":{"name":"i","line":6,"loc":{"start":{"line":6,"column":12167},"end":{"line":6,"column":12180}}},"56":{"name":"r","line":6,"loc":{"start":{"line":6,"column":12239},"end":{"line":6,"column":12252}}},"57":{"name":"a","line":6,"loc":{"start":{"line":6,"column":12313},"end":{"line":6,"column":12326}}},"58":{"name":"c","line":6,"loc":{"start":{"line":6,"column":12389},"end":{"line":6,"column":12402}}},"59":{"name":"s","line":6,"loc":{"start":{"line":6,"column":12460},"end":{"line":6,"column":12473}}},"60":{"name":"d","line":6,"loc":{"start":{"line":6,"column":12533},"end":{"line":6,"column":12546}}},"61":{"name":"u","line":6,"loc":{"start":{"line":6,"column":12659},"end":{"line":6,"column":12672}}},"62":{"name":"v","line":6,"loc":{"start":{"line":6,"column":12734},"end":{"line":6,"column":12747}}},"63":{"name":"f","line":6,"loc":{"start":{"line":6,"column":12961},"end":{"line":6,"column":12974}}},"64":{"name":"p","line":6,"loc":{"start":{"line":6,"column":13071},"end":{"line":6,"column":13084}}},"65":{"name":"t","line":6,"loc":{"start":{"line":6,"column":13085},"end":{"line":6,"column":13098}}},"66":{"name":"o","line":6,"loc":{"start":{"line":6,"column":13164},"end":{"line":6,"column":13177}}},"67":{"name":"b","line":6,"loc":{"start":{"line":6,"column":13758},"end":{"line":6,"column":13771}}},"68":{"name":"g","line":6,"loc":{"start":{"line":6,"column":13977},"end":{"line":6,"column":13990}}},"69":{"name":"h","line":6,"loc":{"start":{"line":6,"column":14071},"end":{"line":6,"column":14086}}},"70":{"name":"m","line":6,"loc":{"start":{"line":6,"column":14152},"end":{"line":6,"column":14165}}},"71":{"name":"(anonymous_71)","line":6,"loc":{"start":{"line":6,"column":14357},"end":{"line":6,"column":14368}}},"72":{"name":"(anonymous_72)","line":6,"loc":{"start":{"line":6,"column":14386},"end":{"line":6,"column":14397}}},"73":{"name":"(anonymous_73)","line":6,"loc":{"start":{"line":6,"column":14720},"end":{"line":6,"column":14735}}},"74":{"name":"n","line":6,"loc":{"start":{"line":6,"column":14749},"end":{"line":6,"column":14762}}},"75":{"name":"(anonymous_75)","line":6,"loc":{"start":{"line":6,"column":14887},"end":{"line":6,"column":14900}}},"76":{"name":"(anonymous_76)","line":6,"loc":{"start":{"line":6,"column":14962},"end":{"line":6,"column":14975}}},"77":{"name":"(anonymous_77)","line":6,"loc":{"start":{"line":6,"column":15119},"end":{"line":6,"column":15132}}},"78":{"name":"(anonymous_78)","line":6,"loc":{"start":{"line":6,"column":15306},"end":{"line":6,"column":15319}}},"79":{"name":"(anonymous_79)","line":6,"loc":{"start":{"line":6,"column":15502},"end":{"line":6,"column":15515}}},"80":{"name":"(anonymous_80)","line":6,"loc":{"start":{"line":6,"column":15620},"end":{"line":6,"column":15637}}},"81":{"name":"(anonymous_81)","line":6,"loc":{"start":{"line":6,"column":15758},"end":{"line":6,"column":15775}}},"82":{"name":"(anonymous_82)","line":6,"loc":{"start":{"line":6,"column":15800},"end":{"line":6,"column":15811}}},"83":{"name":"(anonymous_83)","line":6,"loc":{"start":{"line":6,"column":16015},"end":{"line":6,"column":16028}}},"84":{"name":"o","line":6,"loc":{"start":{"line":6,"column":16042},"end":{"line":6,"column":16059}}},"85":{"name":"(anonymous_85)","line":6,"loc":{"start":{"line":6,"column":16117},"end":{"line":6,"column":16130}}},"86":{"name":"(anonymous_86)","line":6,"loc":{"start":{"line":6,"column":16864},"end":{"line":6,"column":16879}}},"87":{"name":"(anonymous_87)","line":6,"loc":{"start":{"line":6,"column":16972},"end":{"line":6,"column":16987}}},"88":{"name":"(anonymous_88)","line":6,"loc":{"start":{"line":6,"column":26062},"end":{"line":6,"column":26075}}},"89":{"name":"(anonymous_89)","line":6,"loc":{"start":{"line":6,"column":26099},"end":{"line":6,"column":26109}}},"90":{"name":"(anonymous_90)","line":6,"loc":{"start":{"line":6,"column":26137},"end":{"line":6,"column":26147}}},"91":{"name":"(anonymous_91)","line":6,"loc":{"start":{"line":6,"column":26275},"end":{"line":6,"column":26288}}},"92":{"name":"(anonymous_92)","line":6,"loc":{"start":{"line":6,"column":26546},"end":{"line":6,"column":26561}}},"93":{"name":"n","line":6,"loc":{"start":{"line":6,"column":26562},"end":{"line":6,"column":26577}}},"94":{"name":"l","line":6,"loc":{"start":{"line":6,"column":26856},"end":{"line":6,"column":26869}}},"95":{"name":"i","line":6,"loc":{"start":{"line":6,"column":27040},"end":{"line":6,"column":27055}}},"96":{"name":"r","line":6,"loc":{"start":{"line":6,"column":27344},"end":{"line":6,"column":27357}}},"97":{"name":"a","line":6,"loc":{"start":{"line":6,"column":27425},"end":{"line":6,"column":27438}}},"98":{"name":"c","line":6,"loc":{"start":{"line":6,"column":27511},"end":{"line":6,"column":27524}}},"99":{"name":"s","line":6,"loc":{"start":{"line":6,"column":27597},"end":{"line":6,"column":27612}}},"100":{"name":"(anonymous_100)","line":6,"loc":{"start":{"line":6,"column":27905},"end":{"line":6,"column":27915}}},"101":{"name":"(anonymous_101)","line":6,"loc":{"start":{"line":6,"column":27986},"end":{"line":6,"column":27996}}},"102":{"name":"(anonymous_102)","line":6,"loc":{"start":{"line":6,"column":28016},"end":{"line":6,"column":28027}}},"103":{"name":"d","line":6,"loc":{"start":{"line":6,"column":28121},"end":{"line":6,"column":28140}}},"104":{"name":"u","line":6,"loc":{"start":{"line":6,"column":28331},"end":{"line":6,"column":28346}}},"105":{"name":"v","line":6,"loc":{"start":{"line":6,"column":28532},"end":{"line":6,"column":28547}}},"106":{"name":"(anonymous_106)","line":6,"loc":{"start":{"line":6,"column":28811},"end":{"line":6,"column":28822}}},"107":{"name":"(anonymous_107)","line":6,"loc":{"start":{"line":6,"column":28836},"end":{"line":6,"column":28846}}},"108":{"name":"(anonymous_108)","line":6,"loc":{"start":{"line":6,"column":28912},"end":{"line":6,"column":28922}}},"109":{"name":"(anonymous_109)","line":6,"loc":{"start":{"line":6,"column":28997},"end":{"line":6,"column":29007}}},"110":{"name":"(anonymous_110)","line":6,"loc":{"start":{"line":6,"column":29099},"end":{"line":6,"column":29112}}},"111":{"name":"(anonymous_111)","line":6,"loc":{"start":{"line":6,"column":29251},"end":{"line":6,"column":29262}}},"112":{"name":"(anonymous_112)","line":6,"loc":{"start":{"line":6,"column":29485},"end":{"line":6,"column":29495}}},"113":{"name":"(anonymous_113)","line":6,"loc":{"start":{"line":6,"column":29512},"end":{"line":6,"column":29525}}},"114":{"name":"(anonymous_114)","line":6,"loc":{"start":{"line":6,"column":29574},"end":{"line":6,"column":29587}}},"115":{"name":"(anonymous_115)","line":6,"loc":{"start":{"line":6,"column":29910},"end":{"line":6,"column":29923}}},"116":{"name":"(anonymous_116)","line":6,"loc":{"start":{"line":6,"column":30001},"end":{"line":6,"column":30014}}},"117":{"name":"(anonymous_117)","line":6,"loc":{"start":{"line":6,"column":30076},"end":{"line":6,"column":30089}}},"118":{"name":"(anonymous_118)","line":6,"loc":{"start":{"line":6,"column":30217},"end":{"line":6,"column":30230}}},"119":{"name":"(anonymous_119)","line":6,"loc":{"start":{"line":6,"column":30297},"end":{"line":6,"column":30310}}},"120":{"name":"o","line":6,"loc":{"start":{"line":6,"column":30324},"end":{"line":6,"column":30339}}},"121":{"name":"(anonymous_121)","line":6,"loc":{"start":{"line":6,"column":30473},"end":{"line":6,"column":30483}}},"122":{"name":"e","line":6,"loc":{"start":{"line":6,"column":30484},"end":{"line":6,"column":30499}}},"123":{"name":"(anonymous_123)","line":6,"loc":{"start":{"line":6,"column":30657},"end":{"line":6,"column":30672}}},"124":{"name":"(anonymous_124)","line":6,"loc":{"start":{"line":6,"column":30718},"end":{"line":6,"column":30728}}},"125":{"name":"e","line":6,"loc":{"start":{"line":6,"column":30729},"end":{"line":6,"column":30742}}},"126":{"name":"(anonymous_126)","line":6,"loc":{"start":{"line":6,"column":30895},"end":{"line":6,"column":30908}}},"127":{"name":"(anonymous_127)","line":6,"loc":{"start":{"line":6,"column":30964},"end":{"line":6,"column":30977}}},"128":{"name":"(anonymous_128)","line":6,"loc":{"start":{"line":6,"column":31179},"end":{"line":6,"column":31189}}},"129":{"name":"(anonymous_129)","line":6,"loc":{"start":{"line":6,"column":31211},"end":{"line":6,"column":31222}}},"130":{"name":"(anonymous_130)","line":6,"loc":{"start":{"line":6,"column":31305},"end":{"line":6,"column":31315}}},"131":{"name":"(anonymous_131)","line":6,"loc":{"start":{"line":6,"column":31339},"end":{"line":6,"column":31350}}},"132":{"name":"(anonymous_132)","line":6,"loc":{"start":{"line":6,"column":31453},"end":{"line":6,"column":31497}}},"133":{"name":"_interopRequireWildcard","line":6,"loc":{"start":{"line":6,"column":31511},"end":{"line":6,"column":31546}}},"134":{"name":"_interopRequireDefault","line":6,"loc":{"start":{"line":6,"column":31689},"end":{"line":6,"column":31723}}},"135":{"name":"_classCallCheck","line":6,"loc":{"start":{"line":6,"column":31763},"end":{"line":6,"column":31792}}},"136":{"name":"_possibleConstructorReturn","line":6,"loc":{"start":{"line":6,"column":31871},"end":{"line":6,"column":31911}}},"137":{"name":"_inherits","line":7,"loc":{"start":{"line":7,"column":55},"end":{"line":7,"column":78}}},"138":{"name":"(anonymous_138)","line":7,"loc":{"start":{"line":7,"column":450},"end":{"line":7,"column":460}}},"139":{"name":"e","line":7,"loc":{"start":{"line":7,"column":461},"end":{"line":7,"column":476}}},"140":{"name":"(anonymous_140)","line":7,"loc":{"start":{"line":7,"column":634},"end":{"line":7,"column":649}}},"141":{"name":"e","line":7,"loc":{"start":{"line":7,"column":698},"end":{"line":7,"column":715}}},"142":{"name":"(anonymous_142)","line":7,"loc":{"start":{"line":7,"column":1340},"end":{"line":7,"column":1365}}},"143":{"name":"VConsoleDefaultTab","line":7,"loc":{"start":{"line":7,"column":1366},"end":{"line":7,"column":1395}}},"144":{"name":"(anonymous_144)","line":7,"loc":{"start":{"line":7,"column":1804},"end":{"line":7,"column":1814}}},"145":{"name":"(anonymous_145)","line":7,"loc":{"start":{"line":7,"column":1990},"end":{"line":7,"column":2001}}},"146":{"name":"(anonymous_146)","line":7,"loc":{"start":{"line":7,"column":2151},"end":{"line":7,"column":2161}}},"147":{"name":"(anonymous_147)","line":7,"loc":{"start":{"line":7,"column":2345},"end":{"line":7,"column":2364}}},"148":{"name":"evalCommand","line":7,"loc":{"start":{"line":7,"column":2593},"end":{"line":7,"column":2618}}},"149":{"name":"(anonymous_149)","line":7,"loc":{"start":{"line":7,"column":3397},"end":{"line":7,"column":3412}}},"150":{"name":"n","line":7,"loc":{"start":{"line":7,"column":3426},"end":{"line":7,"column":3439}}},"151":{"name":"l","line":7,"loc":{"start":{"line":7,"column":3479},"end":{"line":7,"column":3492}}},"152":{"name":"i","line":7,"loc":{"start":{"line":7,"column":3635},"end":{"line":7,"column":3650}}},"153":{"name":"r","line":7,"loc":{"start":{"line":7,"column":3729},"end":{"line":7,"column":3744}}},"154":{"name":"a","line":7,"loc":{"start":{"line":7,"column":3892},"end":{"line":7,"column":3907}}},"155":{"name":"(anonymous_155)","line":7,"loc":{"start":{"line":7,"column":4322},"end":{"line":7,"column":4333}}},"156":{"name":"(anonymous_156)","line":7,"loc":{"start":{"line":7,"
[...]
"default\"].removeClass(l,\"vc-log-partly\"):(f[\"default\"].addClass(l,\"vc-log-partly\"),f[\"default\"].addClass(l,\"vc-log-partly-\"+n))});var o=f[\"default\"].one(\".vc-content\");f[\"default\"].bind(o,\"scroll\",function(t){e.isShow&&(o.scrollTop+o.offsetHeight>=o.scrollHeight?e.isInBottom=!0:e.isInBottom=!1)});for(var n=0;n<e.logList.length;n++)e.printLog(e.logList[n]);e.logList=[]}},{key:\"onRemove\",value:function(){window.console.log=this.console.log,window.console.info=this.console.info,window.console.warn=this.console.warn,window.console.debug=this.console.debug,window.console.error=this.console.error,this.console={}}},{key:\"onShow\",value:function(){this.isShow=!0,1==this.isInBottom&&this.scrollToBottom()}},{key:\"onHide\",value:function(){this.isShow=!1}},{key:\"onShowConsole\",value:function(){1==this.isInBottom&&this.scrollToBottom()}},{key:\"showLogType\",value:function(e){var t=f[\"default\"].one(\".vc-log\",this.$tabbox);f[\"default\"].removeClass(t,\"vc-log-partly-log\"),f[\"default\"].removeClass(t,\"vc-log-partly-info\"),f[\"default\"].removeClass(t,\"vc-log-partly-warn\"),f[\"default\"].removeClass(t,\"vc-log-partly-error\"),\"all\"==e?f[\"default\"].removeClass(t,\"vc-log-partly\"):(f[\"default\"].addClass(t,\"vc-log-partly\"),f[\"default\"].addClass(t,\"vc-log-partly-\"+e))}},{key:\"scrollToBottom\",value:function(){var e=f[\"default\"].one(\".vc-content\");e.scrollTop=e.scrollHeight-e.offsetHeight}},{key:\"mockConsole\",value:function(){var e=this;window.console?(this.console.log=window.console.log,this.console.info=window.console.info,this.console.warn=window.console.warn,this.console.debug=window.console.debug,this.console.error=window.console.error):window.console={},window.console.log=function(){e.printLog({logType:\"log\",logs:arguments})},window.console.info=function(){e.printLog({logType:\"info\",logs:arguments})},window.console.warn=function(){e.printLog({logType:\"warn\",logs:arguments})},window.console.debug=function(){e.printLog({logType:\"debug\",logs:arguments})},window.console.error=function(){e.printLog({logType:\"error\",logs:arguments})}}},{key:\"clearLog\",value:function(){f[\"default\"].one(\".vc-log\",this.$tabbox).innerHTML=\"\"}},{key:\"printOriginLog\",value:function(e){\"function\"==typeof this.console[e.logType]&&this.console[e.logType].apply(window.console,e.logs)}},{key:\"printLog\",value:function(e){var t=e.logs||[];if(t.length||e.content){t=[].slice.call(t||[]);var o=!0,n=/^\\[(\\w+)\\] ?/i,l=\"\";if(u.isString(t[0])){var i=t[0].match(n);null!==i&&i.length>0&&(l=i[1].toLowerCase())}if(l?o=l==this.id:0==this.allowUnformattedLog&&(o=!1),!o)return void(e.noOrigin||this.printOriginLog(e));if(e.date||(e.date=+new Date),!this.isReady)return void this.logList.push(e);if(u.isString(t[0])&&(t[0]=t[0].replace(n,\"\"),\"\"===t[0]&&t.shift()),!e.meta){var r=u.getDate(e.date);e.meta=r.hour+\":\"+r.minute+\":\"+r.second}for(var a=f[\"default\"].render(h[\"default\"],{logType:e.logType,noMeta:!!e.noMeta,meta:e.meta,style:e.style||\"\"}),s=f[\"default\"].one(\".vc-item-content\",a),d=0;d<t.length;d++){var v=void 0;try{if(\"\"===t[d])continue;v=u.isFunction(t[d])?\"<span> \"+t[d].toString()+\"</span>\":u.isObject(t[d])||u.isArray(t[d])?this.getFoldedLine(t[d]):\"<span> \"+u.htmlEncode(t[d]).replace(/\\n/g,\"<br/>\")+\"</span>\"}catch(p){v=\"<span> [\"+c(t[d])+\"]</span>\"}v&&(\"string\"==typeof v?s.insertAdjacentHTML(\"beforeend\",v):s.insertAdjacentElement(\"beforeend\",v))}u.isObject(e.content)&&s.insertAdjacentElement(\"beforeend\",e.content),f[\"default\"].one(\".vc-log\",this.$tabbox).insertAdjacentElement(\"beforeend\",a),this.isInBottom&&this.scrollToBottom(),e.noOrigin||this.printOriginLog(e)}}},{key:\"getFoldedLine\",value:function(e,t){var o=this;if(!t){var n=u.JSONStringify(e),l=n.substr(0,26);t=u.getObjName(e),n.length>26&&(l+=\"...\"),t+=\" \"+l}var i=f[\"default\"].render(y[\"default\"],{outer:t,lineType:\"obj\"});return f[\"default\"].bind(f[\"default\"].one(\".vc-fold-outer\",i),\"click\",function(t){t.preventDefault(),t.stopPropagation(),f[\"default\"].hasClass(i,\"vc-toggle\")?(f[\"default\"].removeClass(i,\"vc-toggle\"),f[\"default\"].removeClass(f[\"default\"].one(\".vc-fold-inner\",i),\"vc-toggle\"),f[\"default\"].removeClass(f[\"default\"].one(\".vc-fold-outer\",i),\"vc-toggle\")):(f[\"default\"].addClass(i,\"vc-toggle\"),f[\"default\"].addClass(f[\"default\"].one(\".vc-fold-inner\",i),\"vc-toggle\"),f[\"default\"].addClass(f[\"default\"].one(\".vc-fold-outer\",i),\"vc-toggle\"));var n=f[\"default\"].one(\".vc-fold-inner\",i);if(0==n.children.length&&e){for(var l=u.getObjAllKeys(e),r=0;r<l.length;r++){var a=e[l[r]],c=\"undefined\",s=\"\";u.isString(a)?(c=\"string\",a='\"'+a+'\"'):u.isNumber(a)?c=\"number\":u.isBoolean(a)?c=\"boolean\":u.isNull(a)?(c=\"null\",a=\"null\"):u.isUndefined(a)?(c=\"undefined\",a=\"undefined\"):u.isFunction(a)?(c=\"function\",a=\"function()\"):u.isSymbol(a)&&(c=\"symbol\");var d=void 0;if(u.isArray(a)){var v=u.getObjName(a)+\"[\"+a.length+\"]\";d=o.getFoldedLine(a,f[\"default\"].render(w[\"default\"],{key:l[r],keyType:s,value:v,valueType:\"array\"},!0))}else if(u.isObject(a)){var p=u.getObjName(a);d=o.getFoldedLine(a,f[\"default\"].render(w[\"default\"],{key:u.htmlEncode(l[r]),keyType:s,value:p,valueType:\"object\"},!0))}else{e.hasOwnProperty&&!e.hasOwnProperty(l[r])&&(s=\"private\");var b={lineType:\"kv\",key:u.htmlEncode(l[r]),keyType:s,value:u.htmlEncode(a),valueType:c};d=f[\"default\"].render(y[\"default\"],b)}n.insertAdjacentElement(\"beforeend\",d)}if(u.isObject(e)){var g=e.__proto__,h=void 0;h=u.isObject(g)?o.getFoldedLine(g,f[\"default\"].render(w[\"default\"],{key:\"__proto__\",keyType:\"private\",value:u.getObjName(g),valueType:\"object\"},!0)):f[\"default\"].render(w[\"default\"],{key:\"__proto__\",keyType:\"private\",value:\"null\",valueType:\"null\"}),n.insertAdjacentElement(\"beforeend\",h)}}return!1}),i}}]),t}(b[\"default\"]);t[\"default\"]=x,e.exports=t[\"default\"]},function(e,t){e.exports='<div class=\"vc-item vc-item-{{logType}} {{if (!noMeta)}}vc-item-nometa{{/if}} {{style}}\"> <span class=vc-item-meta>{{if (!noMeta)}}{{meta}}{{/if}}</span> <div class=vc-item-content></div> </div>'},function(e,t){e.exports=\"<div class=vc-fold> {{if (lineType == 'obj')}} <i class=vc-fold-outer>{{outer}}</i> <div class=vc-fold-inner></div> {{else if (lineType == 'value')}} <i class=vc-code-{{valueType}}>{{value}}</i> {{else if (lineType == 'kv')}} <i class=\\\"vc-code-key{{if (keyType)}} vc-code-{{keyType}}-key{{/if}}\\\">{{key}}</i>: <i class=vc-code-{{valueType}}>{{value}}</i> {{/if}} </div>\"},function(e,t){e.exports='<span> <i class=\"vc-code-key{{if (keyType)}} vc-code-{{keyType}}-key{{/if}}\">{{key}}</i>: <i class=vc-code-{{valueType}}>{{value}}</i> </span>'},function(e,t){e.exports=\"<div> <div class=vc-log style=padding-bottom:40px></div> <form class=vc-cmd> <button class=vc-cmd-btn type=submit>OK</button> <div class=vc-cmd-input-wrap> <textarea class=vc-cmd-input placeholder=command...></textarea> </div> </form> </div>\"},function(e,t){e.exports='<pre class=\"vc-item-code vc-item-code-{{type}}\">{{content}}</pre>'},function(e,t,o){\"use strict\";function n(e){return e&&e.__esModule?e:{\"default\":e}}function l(e){if(e&&e.__esModule)return e;var t={};if(null!=e)for(var o in e)Object.prototype.hasOwnProperty.call(e,o)&&(t[o]=e[o]);return t[\"default\"]=e,t}function i(e,t){if(!(e instanceof t))throw new TypeError(\"Cannot call a class as a function\")}function r(e,t){if(!e)throw new ReferenceError(\"this hasn't been initialised - super() hasn't been called\");return!t||\"object\"!=typeof t&&\"function\"!=typeof t?e:t}function a(e,t){if(\"function\"!=typeof t&&null!==t)throw new TypeError(\"Super expression must either be null or a function, not \"+typeof t);e.prototype=Object.create(t&&t.prototype,{constructor:{value:e,enumerable:!1,writable:!0,configurable:!0}}),t&&(Object.setPrototypeOf?Object.setPrototypeOf(e,t):e.__proto__=t)}Object.defineProperty(t,\"__esModule\",{value:!0});var c=function(){function e(e,t){for(var o=0;o<t.length;o++){var n=t[o];n.enumerable=n.enumerable||!1,n.configurable=!0,\"value\"in n&&(n.writable=!0),Object.defineProperty(e,n.key,n)}}return function(t,o,n){return o&&e(t.prototype,o),n&&e(t,n),t}}(),s=function g(e,t,o){null===e&&(e=Function.prototype);var n=Object.getOwnPropertyDescriptor(e,t);if(void 0===n){var l=Object.getPrototypeOf(e);return null===l?void 0:g(l,t,o)}if(\"value\"in n)return n.value;var i=n.get;if(void 0!==i)return i.call(o)},d=o(3),u=(l(d),o(17)),v=n(u),f=o(24),p=n(f),b=function(e){function t(){var e;i(this,t);for(var o=arguments.length,n=Array(o),l=0;o>l;l++)n[l]=arguments[l];var a=r(this,(e=Object.getPrototypeOf(t)).call.apply(e,[this].concat(n)));return a.tplTabbox=p[\"default\"],a.allowUnformattedLog=!1,a}return a(t,e),c(t,[{key:\"onInit\",value:function(){s(Object.getPrototypeOf(t.prototype),\"onInit\",this).call(this),this.printSystemInfo()}},{key:\"printSystemInfo\",value:function(){var e=navigator.userAgent,t=\"\",o=e.match(/(ipod).*\\s([\\d_]+)/i),n=e.match(/(ipad).*\\s([\\d_]+)/i),l=e.match(/(iphone)\\sos\\s([\\d_]+)/i),i=e.match(/(android)\\s([\\d\\.]+)/i);t=\"Unknown\",i?t=\"Android \"+i[2]:l?t=\"iPhone, iOS \"+l[2].replace(/_/g,\".\"):n?t=\"iPad, iOS \"+n[2].replace(/_/g,\".\"):o&&(t=\"iPod, iOS \"+o[2].replace(/_/g,\".\"));var r=t,a=e.match(/MicroMessenger\\/([\\d\\.]+)/i);t=\"Unknown\",a&&a[1]?(t=a[1],r+=\", WeChat \"+t,console.info(\"[system]\",\"System:\",r)):console.info(\"[system]\",\"System:\",r),t=\"Unknown\",t=\"https:\"==location.protocol?\"HTTPS\":\"http:\"==location.protocol?\"HTTP\":location.protocol.replace(\":\",\"\"),r=t;var c=e.toLowerCase().match(/ nettype\\/([^ ]+)/g);t=\"Unknown\",c&&c[0]?(c=c[0].split(\"/\"),t=c[1],r+=\", \"+t,console.info(\"[system]\",\"Network:\",r)):console.info(\"[system]\",\"Protocol:\",r),console.info(\"[system]\",\"UA:\",e),setTimeout(function(){var e=window.performance||window.msPerformance||window.webkitPerformance;if(e&&e.timing){var t=e.timing;t.navigationStart&&console.info(\"[system]\",\"navigationStart:\",t.navigationStart),t.navigationStart&&t.domainLookupStart&&console.info(\"[system]\",\"navigation:\",t.domainLookupStart-t.navigationStart+\"ms\"),t.domainLookupEnd&&t.domainLookupStart&&console.info(\"[system]\",\"dns:\",t.domainLookupEnd-t.domainLookupStart+\"ms\"),t.connectEnd&&t.connectStart&&(t.connectEnd&&t.secureConnectionStart?console.info(\"[system]\",\"tcp (ssl):\",t.connectEnd-t.connectStart+\"ms (\"+(t.connectEnd-t.secureConnectionStart)+\"ms)\"):console.info(\"[system]\",\"tcp:\",t.connectEnd-t.connectStart+\"ms\")),t.responseStart&&t.requestStart&&console.info(\"[system]\",\"request:\",t.responseStart-t.requestStart+\"ms\"),t.responseEnd&&t.responseStart&&console.info(\"[system]\",\"response:\",t.responseEnd-t.responseStart+\"ms\"),t.domComplete&&t.domLoading&&(t.domContentLoadedEventStart&&t.domLoading?console.info(\"[system]\",\"domComplete (domLoaded):\",t.domComplete-t.domLoading+\"ms (\"+(t.domContentLoadedEventStart-t.domLoading)+\"ms)\"):console.info(\"[system]\",\"domComplete:\",t.domComplete-t.domLoading+\"ms\")),t.loadEventEnd&&t.loadEventStart&&console.info(\"[system]\",\"loadEvent:\",t.loadEventEnd-t.loadEventStart+\"ms\"),t.navigationStart&&t.loadEventEnd&&console.info(\"[system]\",\"total (DOM):\",t.loadEventEnd-t.navigationStart+\"ms (\"+(t.domComplete-t.navigationStart)+\"ms)\")}},0)}}]),t}(v[\"default\"]);t[\"default\"]=b,e.exports=t[\"default\"]},function(e,t){e.exports=\"<div> <div class=vc-log></div> </div>\"},function(e,t,o){\"use strict\";function n(e){if(e&&e.__esModule)return e;var t={};if(null!=e)for(var o in e)Object.prototype.hasOwnProperty.call(e,o)&&(t[o]=e[o]);return t[\"default\"]=e,t}function l(e){return e&&e.__esModule?e:{\"default\":e}}function i(e,t){if(!(e instanceof t))throw new TypeError(\"Cannot call a class as a function\")}function r(e,t){if(!e)throw new ReferenceError(\"this hasn't been initialised - super() hasn't been called\");return!t||\"object\"!=typeof t&&\"function\"!=typeof t?e:t}function a(e,t){if(\"function\"!=typeof t&&null!==t)throw new TypeError(\"Super expression must either be null or a function, not \"+typeof t);e.prototype=Object.create(t&&t.prototype,{constructor:{value:e,enumerable:!1,writable:!0,configurable:!0}}),t&&(Object.setPrototypeOf?Object.setPrototypeOf(e,t):e.__proto__=t)}Object.defineProperty(t,\"__esModule\",{value:!0});var c=function(){function e(e,t){for(var o=0;o<t.length;o++){var n=t[o];n.enumerable=n.enumerable||!1,n.configurable=!0,\"value\"in n&&(n.writable=!0),Object.defineProperty(e,n.key,n)}}return function(t,o,n){return o&&e(t.prototype,o),n&&e(t,n),t}}(),s=o(4),d=l(s),u=o(3),v=n(u),f=o(15),p=l(f),b=o(26),g=l(b),h=o(27),m=l(h),y=o(28),_=l(y),w=function(e){function t(){var e;i(this,t);for(var o=arguments.length,n=Array(o),l=0;o>l;l++)n[l]=arguments[l];var a=r(this,(e=Object.getPrototypeOf(t)).call.apply(e,[this].concat(n)));return a.$tabbox=d[\"default\"].render(g[\"default\"],{}),a.$header=null,a.reqList={},a.domList={},a.isReady=!1,a.isShow=!1,a.isInBottom=!0,a._open=void 0,a._send=void 0,a.mockAjax(),a}return a(t,e),c(t,[{key:\"onRenderTab\",value:function(e){e(this.$tabbox)}},{key:\"onAddTool\",value:function(e){var t=this,o=[{name:\"Clear\",global:!1,onClick:function(e){t.clearLog()}}];e(o)}},{key:\"onReady\",value:function(){var e=this;e.isReady=!0,this.renderHeader(),d[\"default\"].delegate(d[\"default\"].one(\".vc-log\",this.$tabbox),\"click\",\".vc-group-preview\",function(e){var t=this.parentNode;d[\"default\"].hasClass(t,\"vc-actived\")?d[\"default\"].removeClass(t,\"vc-actived\"):d[\"default\"].addClass(t,\"vc-actived\"),e.preventDefault()});var t=d[\"default\"].one(\".vc-content\");d[\"default\"].bind(t,\"scroll\",function(o){e.isShow&&(t.scrollTop+t.offsetHeight>=t.scrollHeight?e.isInBottom=!0:e.isInBottom=!1)});for(var o in e.reqList)e.updateRequest(o,{})}},{key:\"onRemove\",value:function(){window.XMLHttpRequest&&(window.XMLHttpRequest.prototype.open=this._open,window.XMLHttpRequest.prototype.send=this._send,this._open=void 0,this._send=void 0)}},{key:\"onShow\",value:function(){this.isShow=!0,1==this.isInBottom&&this.scrollToBottom()}},{key:\"onHide\",value:function(){this.isShow=!1}},{key:\"onShowConsole\",value:function(){1==this.isInBottom&&this.scrollToBottom()}},{key:\"scrollToBottom\",value:function(){var e=d[\"default\"].one(\".vc-content\");e.scrollTop=e.scrollHeight-e.offsetHeight}},{key:\"clearLog\",value:function(){this.reqList={};for(var e in this.domList)this.domList[e].remove(),this.domList[e]=void 0;this.domList={},this.renderHeader()}},{key:\"renderHeader\",value:function(){var e=Object.keys(this.reqList).length,t=d[\"default\"].render(m[\"default\"],{count:e}),o=d[\"default\"].one(\".vc-log\",this.$tabbox);this.$header?this.$header.parentNode.replaceChild(t,this.$header):o.parentNode.insertBefore(t,o),this.$header=t}},{key:\"updateRequest\",value:function(e,t){var o=Object.keys(this.reqList).length,n=this.reqList[e]||{};for(var l in t)n[l]=t[l];if(this.reqList[e]=n,this.isReady){var i={url:n.url,status:n.status||\"-\",type:\"-\",costTime:n.costTime>0?n.costTime+\"ms\":\"-\",header:n.header,response:v.htmlEncode(n.response)};n.readyState<=1?i.status=\"Pending\":n.readyState<4&&(i.status=\"Loading\");var r=d[\"default\"].render(_[\"default\"],i),a=this.domList[e];n.status>=400&&d[\"default\"].addClass(d[\"default\"].one(\".vc-group-preview\",r),\"vc-table-row-error\"),a?a.parentNode.replaceChild(r,a):d[\"default\"].one(\".vc-log\",this.$tabbox).insertAdjacentElement(\"beforeend\",r),this.domList[e]=r;var c=Object.keys(this.reqList).length;c!=o&&this.renderHeader(),this.isInBottom&&this.scrollToBottom()}}},{key:\"mockAjax\",value:function(){var e=window.XMLHttpRequest;if(e){var t=this,o=window.XMLHttpRequest.prototype.open,n=window.XMLHttpRequest.prototype.send;t._open=o,t._send=n,window.XMLHttpRequest.prototype.open=function(){var e=this,n=[].slice.call(arguments),l=n[1],i=t.getUniqueID();e._requestID=i;var r=e.onreadystatechange||function(){};return e.onreadystatechange=function(){var o=t.reqList[i]||{};if(o.url=l,o.readyState=e.readyState,0==e.readyState)o.startTime=+new Date;else if(1==e.readyState)o.startTime=+new Date;else if(2==e.readyState){o.header={};for(var n=e.getAllResponseHeaders()||\"\",a=n.split(\"\\n\"),c=0;c<a.length;c++){var s=a[c];if(s){var d=s.split(\": \"),u=d[0],v=d.slice(1).join(\": \");o.header[u]=v}}}else 3==e.readyState||4==e.readyState&&(o.status=e.status,o.endTime=+new Date,o.costTime=o.endTime-(o.startTime||o.endTime),o.response=e.response);return e._noVConsole||t.updateRequest(i,o),r.apply(e,arguments)},o.apply(e,n)}}}},{key:\"getUniqueID\",value:function(){var e=\"xxxxxxxx-xxxx-4xxx-yxxx-xxxxxxxxxxxx\".replace(/[xy]/g,function(e){var t=16*Math.random()|0,o=\"x\"==e?t:3&t|8;return o.toString(16)});return e}}]),t}(p[\"default\"]);t[\"default\"]=w,e.exports=t[\"default\"]},function(e,t){e.exports=\"<div class=vc-table> <div class=vc-log></div> </div>\"},function(e,t){e.exports='<dl class=vc-table-row> <dd class=\"vc-table-col vc-table-col-4\">Name {{if (count > 0)}}({{count}}){{/if}}</dd> <dd class=vc-table-col>Status</dd> <dd class=vc-table-col>Time</dd> </dl>'},function(e,t){e.exports='<div class=vc-group> <dl class=\"vc-table-row vc-group-preview\"> <dd class=\"vc-table-col vc-table-col-4\">{{url}}</dd> <dd class=vc-table-col>{{status}}</dd> <dd class=vc-table-col>{{costTime}}</dd> </dl> <div class=vc-group-detail> <div> <dl class=\"vc-table-row vc-left-border\"> <dt class=\"vc-table-col vc-table-col-title\">Headers</dt> </dl> {{for (var key in header)}} <div class=\"vc-table-row vc-left-border vc-small\"> <div class=\"vc-table-col vc-table-col-2\">{{key}}</div> <div class=\"vc-table-col vc-table-col-4 vc-max-height-line\">{{header[key]}}</div> </div> {{/for}} </div> <div> <dl class=\"vc-table-row vc-left-border\"> <dt class=\"vc-table-col vc-table-col-title\">Response</dt> </dl> <div class=\"vc-table-row vc-left-border vc-small\"> <pre class=\"vc-table-col vc-max-height vc-min-height\">{{response}}</pre> </div> </div> </div> </div>'}])});"],"l":{"6":22,"7":1}},"/home/travis/build/npmtest/node-npmtest-vconsole/node_modules/vconsole/webpack.config.js":{"path":"/home/travis/build/npmtest/node-npmtest-vconsole/node_modules/vconsole/webpack.config.js","s":{"1":2,"2":2,"3":0,"4":0},"b":{},"f":{},"fnMap":{},"statementMap":{"1":{"start":{"line":1,"column":0},"end":{"line":1,"column":36}},"2":{"start":{"line":2,"column":0},"end":{"line":2,"column":33}},"3":{"start":{"line":3,"column":0},"end":{"line":3,"column":63}},"4":{"start":{"line":5,"column":0},"end":{"line":49,"column":2}}},"branchMap":{},"code":["var pkg = require('./package.json');","var webpack = require('webpack');","var ExtractTextPlugin = require('extract-text-webpack-plugin');","","module.exports = {","  devtool: false,","  entry: {","    vconsole : './src/vconsole.js'","  },","  output: {","    path: './dist',","    filename: '[name].min.js',","    library: 'vConsole',","    libraryTarget: 'umd',","    umdNameDefine: true","  },","  module: {","    loaders: [","      {","        test: /\\.html$/, loader: 'html'","      },","      { ","        test: /\\.js$/, loader: 'babel'","      },","      {","        test: /\\.less$/,","        loader: 'style!css!less'","        // loader: ExtractTextPlugin.extract('style-loader', 'css-loader!less-loader') // 将css独立打包","      },","      {","        test: /\\.json$/, loader: 'json'","      }","    ]","  },","  plugins: [","    new webpack.BannerPlugin([","        pkg.name + ' v' + pkg.version + ' (' + pkg.homepage + ')',","        'Copyright ' + new Date().getFullYear() + ', ' + pkg.author,","        pkg.license +' license'","    ].join('\\n'))","    ,new webpack.optimize.UglifyJsPlugin({","      compress: {","        warnings: false","      }","    })","    // ,new ExtractTextPlugin('[name].min.css') // 将css独立打包","  ]","","};"],"l":{"1":2,"2":2,"3":0,"5":0}}}